#
# There is insufficient memory for the Java Runtime Environment to continue.
# Native memory allocation (mmap) failed to map 59768832 bytes for committing reserved memory.
# Possible reasons:
#   The system is out of physical RAM or swap space
#   In 32 bit mode, the process size limit was hit
# Possible solutions:
#   Reduce memory load on the system
#   Increase physical memory or swap space
#   Check if swap backing store is full
#   Use 64 bit Java on a 64 bit OS
#   Decrease Java heap size (-Xmx/-Xms)
#   Decrease number of Java threads
#   Decrease Java thread stack sizes (-Xss)
#   Set larger code cache with -XX:ReservedCodeCacheSize=
# This output file may be truncated or incomplete.
#
#  Out of Memory Error (os_linux.cpp:2640), pid=6722, tid=0x00007f6c3c8f8700
#
# JRE version: OpenJDK Runtime Environment (8.0_152-b01) (build 1.8.0_152-release-915-b01)
# Java VM: OpenJDK 64-Bit Server VM (25.152-b01 mixed mode linux-amd64 compressed oops)
# Failed to write core dump. Core dumps have been disabled. To enable core dumping, try "ulimit -c unlimited" before starting Java again
#

---------------  T H R E A D  ---------------

Current thread (0x00007f6c54078800):  VMThread [stack: 0x00007f6c3c7f8000,0x00007f6c3c8f9000] [id=6730]

Stack: [0x00007f6c3c7f8000,0x00007f6c3c8f9000],  sp=0x00007f6c3c8f74c0,  free space=1021k
Native frames: (J=compiled Java code, j=interpreted, Vv=VM code, C=native code)
V  [libjvm.so+0x9eb15d]  VMError::report_and_die()+0x15d
V  [libjvm.so+0x4b8eaa]  report_vm_out_of_memory(char const*, int, unsigned long, VMErrorType, char const*)+0x8a
V  [libjvm.so+0x851370]  os::pd_commit_memory(char*, unsigned long, unsigned long, bool)+0xf0
V  [libjvm.so+0x84be8f]  os::commit_memory(char*, unsigned long, unsigned long, bool)+0x1f
V  [libjvm.so+0x8c261b]  PSVirtualSpace::expand_by(unsigned long)+0x5b
V  [libjvm.so+0x8c3290]  PSYoungGen::resize_generation(unsigned long, unsigned long)+0xb0
V  [libjvm.so+0x8c35ab]  PSYoungGen::resize(unsigned long, unsigned long)+0x1b
V  [libjvm.so+0x8bfc9c]  PSScavenge::invoke_no_policy()+0xdac
V  [libjvm.so+0x8c0478]  PSScavenge::invoke()+0x38
V  [libjvm.so+0x8748f3]  ParallelScavengeHeap::failed_mem_allocate(unsigned long)+0x63
V  [libjvm.so+0x9ecc84]  VM_ParallelGCFailedAllocation::doit()+0x84
V  [libjvm.so+0x9f1197]  VM_Operation::evaluate()+0x47
V  [libjvm.so+0x9efb78]  VMThread::evaluate_operation(VM_Operation*)+0x2c8
V  [libjvm.so+0x9efff9]  VMThread::loop()+0x219
V  [libjvm.so+0x9f0442]  VMThread::run()+0x72
V  [libjvm.so+0x84e792]  java_start(Thread*)+0xf2

VM_Operation (0x00007f6bbfcfac80): ParallelGCFailedAllocation, mode: safepoint, requested by thread 0x00007f6be8e13800


---------------  P R O C E S S  ---------------

Java Threads: ( => current thread )
  0x00007f6bc400a800 JavaThread "ForkJoinPool.commonPool-worker-1" daemon [_thread_blocked, id=7028, stack(0x00007f6bbea7d000,0x00007f6bbeb7e000)]
  0x00007f6be8e13800 JavaThread "Task worker for ':' Thread 3" [_thread_blocked, id=7007, stack(0x00007f6bbfbfe000,0x00007f6bbfcff000)]
  0x00007f6be8e12000 JavaThread "Task worker for ':' Thread 2" [_thread_blocked, id=7006, stack(0x00007f6c05753000,0x00007f6c05854000)]
  0x00007f6be8e11800 JavaThread "Task worker for ':'" [_thread_blocked, id=7005, stack(0x00007f6c05a56000,0x00007f6c05b57000)]
  0x00007f6be8e10800 JavaThread "Cache worker for task history cache (/home/nydaniem/Documents/Projet_Android/.gradle/4.1/taskHistory)" [_thread_blocked, id=7004, stack(0x00007f6c05955000,0x00007f6c05a56000)]
  0x00007f6be8e0e800 JavaThread "Cache worker for file content cache (/home/nydaniem/Documents/Projet_Android/.gradle/4.1/fileContent)" [_thread_blocked, id=7003, stack(0x00007f6c05854000,0x00007f6c05955000)]
  0x00007f6be89c1800 JavaThread "build operations Thread 4" [_thread_blocked, id=7001, stack(0x00007f6c05d57000,0x00007f6c05e58000)]
  0x00007f6be89c0800 JavaThread "build operations Thread 3" [_thread_blocked, id=7000, stack(0x00007f6c06940000,0x00007f6c06a41000)]
  0x00007f6be89c0000 JavaThread "build operations Thread 2" [_thread_blocked, id=6999, stack(0x00007f6c07043000,0x00007f6c07144000)]
  0x00007f6be8bcb000 JavaThread "build operations" [_thread_blocked, id=6998, stack(0x00007f6c07144000,0x00007f6c07245000)]
  0x00007f6be8bc6800 JavaThread "Cache worker for Artifact transforms cache (/home/nydaniem/.gradle/caches/transforms-1)" [_thread_blocked, id=6945, stack(0x00007f6c07346000,0x00007f6c07447000)]
  0x00007f6be8004000 JavaThread "Cache worker for file hash cache (/home/nydaniem/Documents/Projet_Android/.gradle/4.1/fileHashes)" [_thread_blocked, id=6944, stack(0x00007f6c07447000,0x00007f6c07548000)]
  0x00007f6be8229000 JavaThread "Stdin handler" [_thread_blocked, id=6943, stack(0x00007f6bbe97c000,0x00007f6bbea7d000)]
  0x00007f6be8016000 JavaThread "Asynchronous log dispatcher for DefaultDaemonConnection: socket connection from /127.0.0.1:34759 to /127.0.0.1:40202" [_thread_blocked, id=6942, stack(0x00007f6bbf2f7000,0x00007f6bbf3f8000)]
  0x00007f6bfc006000 JavaThread "Cancel handler" [_thread_blocked, id=6939, stack(0x00007f6bbed80000,0x00007f6bbee81000)]
  0x00007f6bfc00d800 JavaThread "Handler for socket connection from /127.0.0.1:34759 to /127.0.0.1:40202" [_thread_in_native, id=6938, stack(0x00007f6bbec7f000,0x00007f6bbed80000)]
  0x00007f6bd0004000 JavaThread "process reaper" daemon [_thread_blocked, id=6777, stack(0x00007f6bbf285000,0x00007f6bbf2be000)]
  0x00007f6bdc00a000 JavaThread "process reaper" daemon [_thread_blocked, id=6776, stack(0x00007f6bbf2be000,0x00007f6bbf2f7000)]
  0x00007f6bd8003800 JavaThread "process reaper" daemon [_thread_blocked, id=6775, stack(0x00007f6c0401f000,0x00007f6c04058000)]
  0x00007f6bd400d000 JavaThread "process reaper" daemon [_thread_blocked, id=6774, stack(0x00007f6c04058000,0x00007f6c04091000)]
  0x00007f6be957c800 JavaThread "Memory manager" [_thread_blocked, id=6760, stack(0x00007f6c04c94000,0x00007f6c04d95000)]
  0x00007f6be8166000 JavaThread "File lock request listener" [_thread_in_native, id=6750, stack(0x00007f6c06c41000,0x00007f6c06d42000)]
  0x00007f6be8161800 JavaThread "Cache worker for file hash cache (/home/nydaniem/.gradle/caches/4.1/fileHashes)" [_thread_blocked, id=6749, stack(0x00007f6c06d42000,0x00007f6c06e43000)]
  0x00007f6bfc00b800 JavaThread "Daemon worker" [_thread_blocked, id=6744, stack(0x00007f6c07245000,0x00007f6c07346000)]
  0x00007f6c00039800 JavaThread "Daemon" [_thread_blocked, id=6741, stack(0x00007f6c07548000,0x00007f6c07649000)]
  0x00007f6c54cbe000 JavaThread "Daemon periodic checks" [_thread_blocked, id=6740, stack(0x00007f6c07649000,0x00007f6c0774a000)]
  0x00007f6c54c99000 JavaThread "Incoming local TCP Connector on port 34759" [_thread_in_native, id=6739, stack(0x00007f6c07751000,0x00007f6c07852000)]
  0x00007f6c540cb000 JavaThread "Service Thread" daemon [_thread_blocked, id=6737, stack(0x00007f6c37dfe000,0x00007f6c37eff000)]
  0x00007f6c540bd800 JavaThread "C1 CompilerThread2" daemon [_thread_blocked, id=6736, stack(0x00007f6c37eff000,0x00007f6c38000000)]
  0x00007f6c540bc000 JavaThread "C2 CompilerThread1" daemon [_thread_blocked, id=6735, stack(0x00007f6c3c016000,0x00007f6c3c117000)]
  0x00007f6c540b9000 JavaThread "C2 CompilerThread0" daemon [_thread_blocked, id=6734, stack(0x00007f6c3c117000,0x00007f6c3c218000)]
  0x00007f6c540b7800 JavaThread "Signal Dispatcher" daemon [_thread_blocked, id=6733, stack(0x00007f6c3c218000,0x00007f6c3c319000)]
  0x00007f6c54084800 JavaThread "Finalizer" daemon [_thread_blocked, id=6732, stack(0x00007f6c3c5f6000,0x00007f6c3c6f7000)]
  0x00007f6c54080000 JavaThread "Reference Handler" daemon [_thread_blocked, id=6731, stack(0x00007f6c3c6f7000,0x00007f6c3c7f8000)]
  0x00007f6c5400b000 JavaThread "main" [_thread_blocked, id=6725, stack(0x00007f6c5c1b2000,0x00007f6c5c2b3000)]

Other Threads:
=>0x00007f6c54078800 VMThread [stack: 0x00007f6c3c7f8000,0x00007f6c3c8f9000] [id=6730]
  0x00007f6c540cd800 WatcherThread [stack: 0x00007f6c37cfd000,0x00007f6c37dfe000] [id=6738]

VM state:at safepoint (normal execution)

VM Mutex/Monitor currently owned by a thread:  ([mutex/lock_event])
[0x00007f6c54007150] Threads_lock - owner thread: 0x00007f6c54078800
[0x00007f6c54007650] Heap_lock - owner thread: 0x00007f6be8e13800

Heap:
 PSYoungGen      total 250368K, used 6538K [0x00000000e0000000, 0x00000000f0d00000, 0x0000000100000000)
  eden space 225280K, 0% used [0x00000000e0000000,0x00000000e0000000,0x00000000edc00000)
  from space 25088K, 26% used [0x00000000edc00000,0x00000000ee262918,0x00000000ef480000)
  to   space 17408K, 0% used [0x00000000efc00000,0x00000000efc00000,0x00000000f0d00000)
 ParOldGen       total 109056K, used 35048K [0x00000000a0000000, 0x00000000a6a80000, 0x00000000e0000000)
  object space 109056K, 32% used [0x00000000a0000000,0x00000000a223a3d8,0x00000000a6a80000)
 Metaspace       used 61997K, capacity 64758K, committed 64856K, reserved 1105920K
  class space    used 8181K, capacity 8786K, committed 8832K, reserved 1048576K

Card table byte_map: [0x00007f6c58d4a000,0x00007f6c5904b000] byte_map_base: 0x00007f6c5884a000

Marking Bits: (ParMarkBitMap*) 0x00007f6c5b68e3e0
 Begin Bits: [0x00007f6c3d000000, 0x00007f6c3e800000)
 End Bits:   [0x00007f6c3e800000, 0x00007f6c40000000)

Polling page: 0x00007f6c5c2e2000

CodeCache: size=245760Kb used=25429Kb max_used=25440Kb free=220330Kb
 bounds [0x00007f6c45000000, 0x00007f6c46900000, 0x00007f6c54000000]
 total_blobs=9552 nmethods=8752 adapters=713
 compilation: enabled

Compilation events (10 events):
Event: 57,242 Thread 0x00007f6c540bd800 10624       3       com.android.apkzlib.zip.ProcessedAndRawByteSources::close (27 bytes)
Event: 57,243 Thread 0x00007f6c540bd800 nmethod 10624 0x00007f6c4655d490 code [0x00007f6c4655d680, 0x00007f6c4655e058]
Event: 57,243 Thread 0x00007f6c540bd800 10625       3       com.android.apkzlib.zip.StoredEntry::replaceSourceFromZip (43 bytes)
Event: 57,246 Thread 0x00007f6c540bd800 nmethod 10625 0x00007f6c46560c90 code [0x00007f6c46560ea0, 0x00007f6c46561958]
Event: 57,247 Thread 0x00007f6c540bd800 10626       3       com.android.apkzlib.zip.InflaterByteSource::innerClose (8 bytes)
Event: 57,248 Thread 0x00007f6c540bd800 nmethod 10626 0x00007f6c46560410 code [0x00007f6c465605a0, 0x00007f6c46560b08]
Event: 57,250 Thread 0x00007f6c540bc000 10627       4       java.util.ArrayDeque::removeFirst (19 bytes)
Event: 57,253 Thread 0x00007f6c540bc000 nmethod 10627 0x00007f6c468eb2d0 code [0x00007f6c468eb420, 0x00007f6c468eb4f8]
Event: 57,263 Thread 0x00007f6c540bc000 10628       4       java.io.InputStream::read (9 bytes)
Event: 57,265 Thread 0x00007f6c540bc000 nmethod 10628 0x00007f6c4655d1d0 code [0x00007f6c4655d320, 0x00007f6c4655d3b8]

GC Heap History (10 events):
Event: 17,586 GC heap after
Heap after GC invocations=16 (full 3):
 PSYoungGen      total 181760K, used 2402K [0x00000000e0000000, 0x00000000efe00000, 0x0000000100000000)
  eden space 164352K, 0% used [0x00000000e0000000,0x00000000e0000000,0x00000000ea080000)
  from space 17408K, 13% used [0x00000000ea080000,0x00000000ea2d89e0,0x00000000eb180000)
  to   space 28160K, 0% used [0x00000000ee280000,0x00000000ee280000,0x00000000efe00000)
 ParOldGen       total 107520K, used 50567K [0x00000000a0000000, 0x00000000a6900000, 0x00000000e0000000)
  object space 107520K, 47% used [0x00000000a0000000,0x00000000a3161fe8,0x00000000a6900000)
 Metaspace       used 55318K, capacity 56974K, committed 57048K, reserved 1097728K
  class space    used 7464K, capacity 7896K, committed 7936K, reserved 1048576K
}
Event: 19,491 GC heap before
{Heap before GC invocations=17 (full 3):
 PSYoungGen      total 181760K, used 166754K [0x00000000e0000000, 0x00000000efe00000, 0x0000000100000000)
  eden space 164352K, 100% used [0x00000000e0000000,0x00000000ea080000,0x00000000ea080000)
  from space 17408K, 13% used [0x00000000ea080000,0x00000000ea2d89e0,0x00000000eb180000)
  to   space 28160K, 0% used [0x00000000ee280000,0x00000000ee280000,0x00000000efe00000)
 ParOldGen       total 107520K, used 50600K [0x00000000a0000000, 0x00000000a6900000, 0x00000000e0000000)
  object space 107520K, 47% used [0x00000000a0000000,0x00000000a316a1e0,0x00000000a6900000)
 Metaspace       used 57154K, capacity 59270K, committed 59480K, reserved 1099776K
  class space    used 7721K, capacity 8226K, committed 8320K, reserved 1048576K
Event: 19,512 GC heap after
Heap after GC invocations=17 (full 3):
 PSYoungGen      total 216576K, used 10772K [0x00000000e0000000, 0x00000000ef480000, 0x0000000100000000)
  eden space 198144K, 0% used [0x00000000e0000000,0x00000000e0000000,0x00000000ec180000)
  from space 18432K, 58% used [0x00000000ee280000,0x00000000eed05068,0x00000000ef480000)
  to   space 26112K, 0% used [0x00000000ec180000,0x00000000ec180000,0x00000000edb00000)
 ParOldGen       total 107520K, used 52008K [0x00000000a0000000, 0x00000000a6900000, 0x00000000e0000000)
  object space 107520K, 48% used [0x00000000a0000000,0x00000000a32ca1e0,0x00000000a6900000)
 Metaspace       used 57154K, capacity 59270K, committed 59480K, reserved 1099776K
  class space    used 7721K, capacity 8226K, committed 8320K, reserved 1048576K
}
Event: 19,817 GC heap before
{Heap before GC invocations=18 (full 4):
 PSYoungGen      total 216576K, used 208849K [0x00000000e0000000, 0x00000000ef480000, 0x0000000100000000)
  eden space 198144K, 99% used [0x00000000e0000000,0x00000000ec16f588,0x00000000ec180000)
  from space 18432K, 58% used [0x00000000ee280000,0x00000000eed05068,0x00000000ef480000)
  to   space 26112K, 0% used [0x00000000ec180000,0x00000000ec180000,0x00000000edb00000)
 ParOldGen       total 116736K, used 116521K [0x00000000a0000000, 0x00000000a7200000, 0x00000000e0000000)
  object space 116736K, 99% used [0x00000000a0000000,0x00000000a71ca5d0,0x00000000a7200000)
 Metaspace       used 57415K, capacity 59514K, committed 59736K, reserved 1101824K
  class space    used 7758K, capacity 8236K, committed 8320K, reserved 1048576K
Event: 19,958 GC heap after
Heap after GC invocations=18 (full 4):
 PSYoungGen      total 216576K, used 0K [0x00000000e0000000, 0x00000000ef480000, 0x0000000100000000)
  eden space 198144K, 0% used [0x00000000e0000000,0x00000000e0000000,0x00000000ec180000)
  from space 18432K, 0% used [0x00000000ee280000,0x00000000ee280000,0x00000000ef480000)
  to   space 26112K, 0% used [0x00000000ec180000,0x00000000ec180000,0x00000000edb00000)
 ParOldGen       total 109056K, used 35032K [0x00000000a0000000, 0x00000000a6a80000, 0x00000000e0000000)
  object space 109056K, 32% used [0x00000000a0000000,0x00000000a22363d8,0x00000000a6a80000)
 Metaspace       used 57411K, capacity 59502K, committed 59736K, reserved 1101824K
  class space    used 7757K, capacity 8234K, committed 8320K, reserved 1048576K
}
Event: 19,991 GC heap before
{Heap before GC invocations=19 (full 4):
 PSYoungGen      total 216576K, used 197487K [0x00000000e0000000, 0x00000000ef480000, 0x0000000100000000)
  eden space 198144K, 99% used [0x00000000e0000000,0x00000000ec0dbeb0,0x00000000ec180000)
  from space 18432K, 0% used [0x00000000ee280000,0x00000000ee280000,0x00000000ef480000)
  to   space 26112K, 0% used [0x00000000ec180000,0x00000000ec180000,0x00000000edb00000)
 ParOldGen       total 109056K, used 35032K [0x00000000a0000000, 0x00000000a6a80000, 0x00000000e0000000)
  object space 109056K, 32% used [0x00000000a0000000,0x00000000a22363d8,0x00000000a6a80000)
 Metaspace       used 57417K, capacity 59566K, committed 59736K, reserved 1101824K
  class space    used 7757K, capacity 8234K, committed 8320K, reserved 1048576K
Event: 19,994 GC heap after
Heap after GC invocations=19 (full 4):
 PSYoungGen      total 224256K, used 96K [0x00000000e0000000, 0x00000000f1600000, 0x0000000100000000)
  eden space 198144K, 0% used [0x00000000e0000000,0x00000000e0000000,0x00000000ec180000)
  from space 26112K, 0% used [0x00000000ec180000,0x00000000ec198000,0x00000000edb00000)
  to   space 26624K, 0% used [0x00000000efc00000,0x00000000efc00000,0x00000000f1600000)
 ParOldGen       total 109056K, used 35032K [0x00000000a0000000, 0x00000000a6a80000, 0x00000000e0000000)
  object space 109056K, 32% used [0x00000000a0000000,0x00000000a22363d8,0x00000000a6a80000)
 Metaspace       used 57417K, capacity 59566K, committed 59736K, reserved 1101824K
  class space    used 7757K, capacity 8234K, committed 8320K, reserved 1048576K
}
Event: 57,154 GC heap before
{Heap before GC invocations=20 (full 4):
 PSYoungGen      total 224256K, used 197377K [0x00000000e0000000, 0x00000000f1600000, 0x0000000100000000)
  eden space 198144K, 99% used [0x00000000e0000000,0x00000000ec0a8478,0x00000000ec180000)
  from space 26112K, 0% used [0x00000000ec180000,0x00000000ec198000,0x00000000edb00000)
  to   space 26624K, 0% used [0x00000000efc00000,0x00000000efc00000,0x00000000f1600000)
 ParOldGen       total 109056K, used 35032K [0x00000000a0000000, 0x00000000a6a80000, 0x00000000e0000000)
  object space 109056K, 32% used [0x00000000a0000000,0x00000000a22363d8,0x00000000a6a80000)
 Metaspace       used 61997K, capacity 64758K, committed 64856K, reserved 1105920K
  class space    used 8181K, capacity 8786K, committed 8832K, reserved 1048576K
Event: 57,209 GC heap after
Heap after GC invocations=20 (full 4):
 PSYoungGen      total 242688K, used 9685K [0x00000000e0000000, 0x00000000f0d00000, 0x0000000100000000)
  eden space 225280K, 0% used [0x00000000e0000000,0x00000000e0000000,0x00000000edc00000)
  from space 17408K, 55% used [0x00000000efc00000,0x00000000f05754d8,0x00000000f0d00000)
  to   space 25088K, 0% used [0x00000000edc00000,0x00000000edc00000,0x00000000ef480000)
 ParOldGen       total 109056K, used 35040K [0x00000000a0000000, 0x00000000a6a80000, 0x00000000e0000000)
  object space 109056K, 32% used [0x00000000a0000000,0x00000000a22383d8,0x00000000a6a80000)
 Metaspace       used 61997K, capacity 64758K, committed 64856K, reserved 1105920K
  class space    used 8181K, capacity 8786K, committed 8832K, reserved 1048576K
}
Event: 57,352 GC heap before
{Heap before GC invocations=21 (full 4):
 PSYoungGen      total 242688K, used 234162K [0x00000000e0000000, 0x00000000f0d00000, 0x0000000100000000)
  eden space 225280K, 99% used [0x00000000e0000000,0x00000000edb376d0,0x00000000edc00000)
  from space 17408K, 55% used [0x00000000efc00000,0x00000000f05754d8,0x00000000f0d00000)
  to   space 25088K, 0% used [0x00000000edc00000,0x00000000edc00000,0x00000000ef480000)
 ParOldGen       total 109056K, used 35040K [0x00000000a0000000, 0x00000000a6a80000, 0x00000000e0000000)
  object space 109056K, 32% used [0x00000000a0000000,0x00000000a22383d8,0x00000000a6a80000)
 Metaspace       used 61997K, capacity 64758K, committed 64856K, reserved 1105920K
  class space    used 8181K, capacity 8786K, committed 8832K, reserved 1048576K

Deoptimization events (10 events):
Event: 54,718 Thread 0x00007f6bfc00b800 Uncommon trap: reason=unstable_if action=reinterpret pc=0x00007f6c46090780 method=org.objectweb.asm.Frame.push(Lorg/objectweb/asm/ClassWriter;Ljava/lang/String;)V @ 18
Event: 54,827 Thread 0x00007f6bfc00b800 Uncommon trap: reason=bimorphic action=maybe_recompile pc=0x00007f6c466f3310 method=java.util.Collections$UnmodifiableCollection.size()I @ 4
Event: 54,827 Thread 0x00007f6bfc00b800 Uncommon trap: reason=bimorphic action=maybe_recompile pc=0x00007f6c466f3310 method=java.util.Collections$UnmodifiableCollection.size()I @ 4
Event: 54,828 Thread 0x00007f6bfc00b800 Uncommon trap: reason=bimorphic action=maybe_recompile pc=0x00007f6c466f3310 method=java.util.Collections$UnmodifiableCollection.size()I @ 4
Event: 54,828 Thread 0x00007f6bfc00b800 Uncommon trap: reason=bimorphic action=maybe_recompile pc=0x00007f6c466f3310 method=java.util.Collections$UnmodifiableCollection.size()I @ 4
Event: 55,341 Thread 0x00007f6be8e12000 Uncommon trap: reason=range_check action=make_not_entrant pc=0x00007f6c4686fd00 method=sun.nio.fs.UnixDirectoryStream$UnixDirectoryIterator.isSelfOrParent([B)Z @ 2
Event: 55,464 Thread 0x00007f6be8e13800 Uncommon trap: reason=unstable_if action=reinterpret pc=0x00007f6c462b3b44 method=java.lang.Integer.equals(Ljava/lang/Object;)Z @ 18
Event: 55,470 Thread 0x00007f6be8e13800 Uncommon trap: reason=unstable_if action=reinterpret pc=0x00007f6c467335c8 method=com.google.gson.stream.JsonWriter.string(Ljava/lang/String;)V @ 4
Event: 57,030 Thread 0x00007f6be8e13800 Uncommon trap: reason=predicate action=maybe_recompile pc=0x00007f6c468d3014 method=com.google.common.collect.RegularImmutableMap.fromEntryArray(I[Ljava/util/Map$Entry;)Lcom/google/common/collect/RegularImmutableMap; @ 62
Event: 57,090 Thread 0x00007f6be8e13800 Uncommon trap: reason=class_check action=maybe_recompile pc=0x00007f6c463e1350 method=java.io.BufferedWriter.flushBuffer()V @ 34

Classes redefined (0 events):
No events

Internal exceptions (10 events):
Event: 52,354 Thread 0x00007f6bfc00d800 Exception <a 'java/lang/NoSuchMethodError': <clinit>> (0x00000000e33db580) thrown at [/ssd/Android/AOSP-openjdk-git/jdk8u/hotspot/src/share/vm/prims/jni.cpp, line 1613]
Event: 52,356 Thread 0x00007f6bfc00d800 Exception <a 'java/lang/NoSuchMethodError': <clinit>> (0x00000000e33ea230) thrown at [/ssd/Android/AOSP-openjdk-git/jdk8u/hotspot/src/share/vm/prims/jni.cpp, line 1613]
Event: 52,422 Thread 0x00007f6bfc00b800 Exception <a 'java/lang/NoSuchMethodError': <clinit>> (0x00000000e29a32d8) thrown at [/ssd/Android/AOSP-openjdk-git/jdk8u/hotspot/src/share/vm/prims/jni.cpp, line 1613]
Event: 52,441 Thread 0x00007f6bfc00b800 Exception <a 'java/lang/NoSuchMethodError': <clinit>> (0x00000000e367c750) thrown at [/ssd/Android/AOSP-openjdk-git/jdk8u/hotspot/src/share/vm/prims/jni.cpp, line 1613]
Event: 52,455 Thread 0x00007f6bfc00b800 Exception <a 'java/lang/NoSuchMethodError': <clinit>> (0x00000000e36ffc88) thrown at [/ssd/Android/AOSP-openjdk-git/jdk8u/hotspot/src/share/vm/prims/jni.cpp, line 1613]
Event: 52,455 Thread 0x00007f6bfc00b800 Exception <a 'java/lang/NoSuchMethodError': <clinit>> (0x00000000e3703948) thrown at [/ssd/Android/AOSP-openjdk-git/jdk8u/hotspot/src/share/vm/prims/jni.cpp, line 1613]
Event: 52,455 Thread 0x00007f6bfc00b800 Exception <a 'java/lang/NoSuchMethodError': <clinit>> (0x00000000e3705450) thrown at [/ssd/Android/AOSP-openjdk-git/jdk8u/hotspot/src/share/vm/prims/jni.cpp, line 1613]
Event: 52,492 Thread 0x00007f6bfc00b800 Exception <a 'java/lang/ClassNotFoundException': sync_local_repo357_7is6fipb1nz39pqaqrz3qc8dvBeanInfo> (0x00000000e3902ed8) thrown at [/ssd/Android/AOSP-openjdk-git/jdk8u/hotspot/src/share/vm/classfile/systemDictionary.cpp, line 210]
Event: 52,492 Thread 0x00007f6bfc00b800 Exception <a 'java/lang/ClassNotFoundException': sync_local_repo357_7is6fipb1nz39pqaqrz3qc8dvCustomizer> (0x00000000e390dbc0) thrown at [/ssd/Android/AOSP-openjdk-git/jdk8u/hotspot/src/share/vm/classfile/systemDictionary.cpp, line 210]
Event: 54,500 Thread 0x00007f6be957c800 Exception <a 'java/io/IOException'> (0x00000000e32680a0) thrown at [/ssd/Android/AOSP-openjdk-git/jdk8u/hotspot/src/share/vm/prims/jni.cpp, line 709]

Events (10 events):
Event: 57,096 Executing VM operation: RevokeBias
Event: 57,096 Executing VM operation: RevokeBias done
Event: 57,100 Executing VM operation: RevokeBias
Event: 57,100 Executing VM operation: RevokeBias done
Event: 57,153 Executing VM operation: ParallelGCFailedAllocation
Event: 57,210 Executing VM operation: ParallelGCFailedAllocation done
Event: 57,212 Executing VM operation: RevokeBias
Event: 57,212 Executing VM operation: RevokeBias done
Event: 57,216 Thread 0x00007f6bc400b000 Thread exited: 0x00007f6bc400b000
Event: 57,350 Executing VM operation: ParallelGCFailedAllocation


Dynamic libraries:
00400000-00401000 r-xp 00000000 08:06 2097156                            /home/nydaniem/Téléchargements/android-studio/jre/bin/java
00600000-00601000 r--p 00000000 08:06 2097156                            /home/nydaniem/Téléchargements/android-studio/jre/bin/java
00601000-00602000 rw-p 00001000 08:06 2097156                            /home/nydaniem/Téléchargements/android-studio/jre/bin/java
006cb000-0070e000 rw-p 00000000 00:00 0                                  [heap]
a0000000-a6a80000 rw-p 00000000 00:00 0 
a6a80000-e0000000 ---p 00000000 00:00 0 
e0000000-f0d00000 rw-p 00000000 00:00 0 
f4600000-100000000 ---p 00000000 00:00 0 
100000000-1008a0000 rw-p 00000000 00:00 0 
1008a0000-140000000 ---p 00000000 00:00 0 
7f6bbdff0000-7f6bbe0b0000 rw-p 00000000 00:00 0 
7f6bbe0b0000-7f6bbe1f0000 ---p 00000000 00:00 0 
7f6bbe1f0000-7f6bbe30b000 r--s 02008000 08:06 1740170                    /home/nydaniem/.gradle/caches/jars-3/9955734f77abc673a38c7cd4c0214af5/android.jar
7f6bbe30b000-7f6bbe312000 r--s 0002a000 08:06 1725564                    /home/nydaniem/.gradle/caches/jars-3/fff47aec37b967e571b648d1fc9c6db6/gradle-messaging-3.5.jar
7f6bbe312000-7f6bbe354000 r--s 00220000 08:06 1725560                    /home/nydaniem/.gradle/caches/jars-3/929747bc6b973b44297e9c57df71598d/gradle-core-3.5.jar
7f6bbe354000-7f6bbe37c000 r--s 001cf000 08:06 1725556                    /home/nydaniem/.gradle/caches/jars-3/566e7e0f530f75a42eba4833ef84d88c/guava-jdk5-17.0.jar
7f6bbe37c000-7f6bbe57c000 rw-p 00000000 00:00 0 
7f6bbe57c000-7f6bbe77c000 rw-p 00000000 00:00 0 
7f6bbe77c000-7f6bbe97c000 rw-p 00000000 00:00 0 
7f6bbe97c000-7f6bbe97f000 ---p 00000000 00:00 0 
7f6bbe97f000-7f6bbea7d000 rw-p 00000000 00:00 0 
7f6bbea7d000-7f6bbea80000 ---p 00000000 00:00 0 
7f6bbea80000-7f6bbeb7e000 rw-p 00000000 00:00 0 
7f6bbeb7e000-7f6bbeb81000 ---p 00000000 00:00 0 
7f6bbeb81000-7f6bbec7f000 rw-p 00000000 00:00 0 
7f6bbec7f000-7f6bbec82000 ---p 00000000 00:00 0 
7f6bbec82000-7f6bbed80000 rw-p 00000000 00:00 0 
7f6bbed80000-7f6bbed83000 ---p 00000000 00:00 0 
7f6bbed83000-7f6bbee81000 rw-p 00000000 00:00 0 
7f6bbee81000-7f6bbee84000 ---p 00000000 00:00 0 
7f6bbee84000-7f6bbef82000 rw-p 00000000 00:00 0 
7f6bbef82000-7f6bbef85000 ---p 00000000 00:00 0 
7f6bbef85000-7f6bbf083000 rw-p 00000000 00:00 0 
7f6bbf083000-7f6bbf086000 ---p 00000000 00:00 0 
7f6bbf086000-7f6bbf184000 rw-p 00000000 00:00 0 
7f6bbf184000-7f6bbf187000 ---p 00000000 00:00 0 
7f6bbf187000-7f6bbf285000 rw-p 00000000 00:00 0 
7f6bbf285000-7f6bbf288000 ---p 00000000 00:00 0 
7f6bbf288000-7f6bbf2be000 rw-p 00000000 00:00 0 
7f6bbf2be000-7f6bbf2c1000 ---p 00000000 00:00 0 
7f6bbf2c1000-7f6bbf2f7000 rw-p 00000000 00:00 0 
7f6bbf2f7000-7f6bbf2fa000 ---p 00000000 00:00 0 
7f6bbf2fa000-7f6bbf3f8000 rw-p 00000000 00:00 0 
7f6bbf3f8000-7f6bbf3fb000 ---p 00000000 00:00 0 
7f6bbf3fb000-7f6bbf4f9000 rw-p 00000000 00:00 0 
7f6bbf4f9000-7f6bbf4fc000 ---p 00000000 00:00 0 
7f6bbf4fc000-7f6bbf5fa000 rw-p 00000000 00:00 0 
7f6bbf5fa000-7f6bbf5fd000 ---p 00000000 00:00 0 
7f6bbf5fd000-7f6bbf8fb000 rw-p 00000000 00:00 0 
7f6bbf8fb000-7f6bbf8fe000 ---p 00000000 00:00 0 
7f6bbf8fe000-7f6bbf9fc000 rw-p 00000000 00:00 0 
7f6bbf9fc000-7f6bbf9ff000 ---p 00000000 00:00 0 
7f6bbf9ff000-7f6bbfafd000 rw-p 00000000 00:00 0 
7f6bbfafd000-7f6bbfb00000 ---p 00000000 00:00 0 
7f6bbfb00000-7f6bbfbfe000 rw-p 00000000 00:00 0 
7f6bbfbfe000-7f6bbfc01000 ---p 00000000 00:00 0 
7f6bbfc01000-7f6bbfeff000 rw-p 00000000 00:00 0 
7f6bbfeff000-7f6bbff02000 ---p 00000000 00:00 0 
7f6bbff02000-7f6bc0000000 rw-p 00000000 00:00 0 
7f6bc0000000-7f6bc0073000 rw-p 00000000 00:00 0 
7f6bc0073000-7f6bc4000000 ---p 00000000 00:00 0 
7f6bc4000000-7f6bc4085000 rw-p 00000000 00:00 0 
7f6bc4085000-7f6bc8000000 ---p 00000000 00:00 0 
7f6bc8000000-7f6bc80f9000 rw-p 00000000 00:00 0 
7f6bc80f9000-7f6bcc000000 ---p 00000000 00:00 0 
7f6bcc000000-7f6bcc10c000 rw-p 00000000 00:00 0 
7f6bcc10c000-7f6bd0000000 ---p 00000000 00:00 0 
7f6bd0000000-7f6bd0021000 rw-p 00000000 00:00 0 
7f6bd0021000-7f6bd4000000 ---p 00000000 00:00 0 
7f6bd4000000-7f6bd403b000 rw-p 00000000 00:00 0 
7f6bd403b000-7f6bd8000000 ---p 00000000 00:00 0 
7f6bd8000000-7f6bd8021000 rw-p 00000000 00:00 0 
7f6bd8021000-7f6bdc000000 ---p 00000000 00:00 0 
7f6bdc000000-7f6bdc021000 rw-p 00000000 00:00 0 
7f6bdc021000-7f6be0000000 ---p 00000000 00:00 0 
7f6be0000000-7f6be0021000 rw-p 00000000 00:00 0 
7f6be0021000-7f6be4000000 ---p 00000000 00:00 0 
7f6be4000000-7f6be4025000 rw-p 00000000 00:00 0 
7f6be4025000-7f6be8000000 ---p 00000000 00:00 0 
7f6be8000000-7f6be9608000 rw-p 00000000 00:00 0 
7f6be9608000-7f6bec000000 ---p 00000000 00:00 0 
7f6bec000000-7f6bec280000 rw-p 00000000 00:00 0 
7f6bec280000-7f6bf0000000 ---p 00000000 00:00 0 
7f6bf0000000-7f6bf002f000 rw-p 00000000 00:00 0 
7f6bf002f000-7f6bf4000000 ---p 00000000 00:00 0 
7f6bf4000000-7f6bf4021000 rw-p 00000000 00:00 0 
7f6bf4021000-7f6bf8000000 ---p 00000000 00:00 0 
7f6bf8000000-7f6bf8048000 rw-p 00000000 00:00 0 
7f6bf8048000-7f6bfc000000 ---p 00000000 00:00 0 
7f6bfc000000-7f6bfc021000 rw-p 00000000 00:00 0 
7f6bfc021000-7f6c00000000 ---p 00000000 00:00 0 
7f6c00000000-7f6c00074000 rw-p 00000000 00:00 0 
7f6c00074000-7f6c04000000 ---p 00000000 00:00 0 
7f6c04003000-7f6c04008000 r--s 00041000 08:06 1725562                    /home/nydaniem/.gradle/caches/jars-3/c0502f5c2cf6dfd52d250e1b7d027d24/commons-lang-2.6.jar
7f6c04008000-7f6c04011000 r--s 00047000 08:06 1725558                    /home/nydaniem/.gradle/caches/jars-3/11d06a5dce89fe5632250b7df00a3d57/gradle-base-services-3.5.jar
7f6c04011000-7f6c0401f000 r--s 00043000 08:06 1725554                    /home/nydaniem/.gradle/caches/jars-3/c0d1da18a547ef3a2ba66d3068ae6e09/gradle-tooling-api-3.5.jar
7f6c0401f000-7f6c04022000 ---p 00000000 00:00 0 
7f6c04022000-7f6c04058000 rw-p 00000000 00:00 0 
7f6c04058000-7f6c0405b000 ---p 00000000 00:00 0 
7f6c0405b000-7f6c04291000 rw-p 00000000 00:00 0 
7f6c04291000-7f6c04491000 rw-p 00000000 00:00 0 
7f6c04491000-7f6c04691000 rw-p 00000000 00:00 0 
7f6c04691000-7f6c04891000 rw-p 00000000 00:00 0 
7f6c04891000-7f6c04a91000 rw-p 00000000 00:00 0 
7f6c04a91000-7f6c04a94000 r--s 00015000 08:06 2097237                    /home/nydaniem/Téléchargements/android-studio/jre/jre/lib/jce.jar
7f6c04a94000-7f6c04c94000 rw-p 00000000 00:00 0 
7f6c04c94000-7f6c04c97000 ---p 00000000 00:00 0 
7f6c04c97000-7f6c04d95000 rw-p 00000000 00:00 0 
7f6c04d95000-7f6c04dbb000 r--p 00000000 08:06 533198                     /usr/share/locale-langpack/fr/LC_MESSAGES/libc.mo
7f6c04dbb000-7f6c04fbb000 rw-p 00000000 00:00 0 
7f6c04fbb000-7f6c051b1000 rw-p 00000000 00:00 0 
7f6c051b1000-7f6c051bb000 ---p 00000000 00:00 0 
7f6c051bb000-7f6c051c6000 r--s 00081000 08:06 2122648                    /home/nydaniem/.gradle/caches/jars-3/fc6e889a0f45cc9752787eb60f920103/trove4j-20160824.jar
7f6c051c6000-7f6c05249000 r--s 00758000 08:06 2122646                    /home/nydaniem/.gradle/caches/jars-3/b46ab84062ddfd52701cfe0a9718e764/intellij-core-26.0.1.jar
7f6c05249000-7f6c0524f000 r--s 00033000 08:06 2122644                    /home/nydaniem/.gradle/caches/jars-3/f96c897d327ea500d64fe3af2833bd50/commons-codec-1.6.jar
7f6c0524f000-7f6c05251000 r--s 0000d000 08:06 2122642                    /home/nydaniem/.gradle/caches/jars-3/ccc849edcf9fccd61ed937bf93ffe896/commons-logging-1.1.1.jar
7f6c05251000-7f6c05257000 r--s 00032000 08:06 2122640                    /home/nydaniem/.gradle/caches/jars-3/72e344059d1923829968d0d38b0c3c72/httpcore-4.2.5.jar
7f6c05257000-7f6c05258000 r--s 00004000 08:06 2122638                    /home/nydaniem/.gradle/caches/jars-3/3a4299d1ce3e273e7c03a9ccf5a1e333/annotations-12.0.jar
7f6c05258000-7f6c05259000 r--s 00000000 08:06 2122636                    /home/nydaniem/.gradle/caches/jars-3/0e2fbc3b8c56d2975eca90c524790c13/animal-sniffer-annotations-1.14.jar
7f6c05259000-7f6c0525b000 r--s 00001000 08:06 2122634                    /home/nydaniem/.gradle/caches/jars-3/ad41f8f3ac67c0323ce9eb1c20c8dc3f/j2objc-annotations-1.1.jar
7f6c0525b000-7f6c0525c000 r--s 00002000 08:06 2122632                    /home/nydaniem/.gradle/caches/jars-3/9edb0f46b907c34c4718edabde6c791c/error_prone_annotations-2.0.18.jar
7f6c0525c000-7f6c0525f000 r--s 00006000 08:06 2122630                    /home/nydaniem/.gradle/caches/jars-3/b58a9bc3bbba42132e4abc0bacae8da1/jsr305-1.3.9.jar
7f6c0525f000-7f6c05260000 r--s 0000a000 08:06 2122628                    /home/nydaniem/.gradle/caches/jars-3/5b8b36ed61fe92731031cca3c9b3a0b3/kxml2-2.3.0.jar
7f6c05260000-7f6c05262000 r--s 00005000 08:06 2122626                    /home/nydaniem/.gradle/caches/jars-3/f10e1e1978816198f2eb1189c974b440/httpmime-4.1.jar
7f6c05262000-7f6c0526c000 r--s 00061000 08:06 2122624                    /home/nydaniem/.gradle/caches/jars-3/bc4b2527f35dc983f759e8f85f3f8d52/httpclient-4.2.6.jar
7f6c0526c000-7f6c05275000 r--s 00064000 08:06 2122622                    /home/nydaniem/.gradle/caches/jars-3/fc37c717528c2a0d27f3e3621835f781/commons-compress-1.12.jar
7f6c05275000-7f6c0527a000 r--s 0002e000 08:06 2122620                    /home/nydaniem/.gradle/caches/jars-3/c5bcda7f6f4809e9c92270f99e51f154/gson-2.3.jar
7f6c0527a000-7f6c0528a000 r--s 000d6000 08:06 2122618                    /home/nydaniem/.gradle/caches/jars-3/dbdb8caed2514263a34702cc763c6785/proguard-base-5.3.3.jar
7f6c0528a000-7f6c0528c000 r--s 00003000 08:06 2122616                    /home/nydaniem/.gradle/caches/jars-3/01ab8600ebbfdcaf9b89b45c2b992e82/annotations-13.0.jar
7f6c0528c000-7f6c0528d000 r--s 00001000 08:06 2122614                    /home/nydaniem/.gradle/caches/jars-3/dccac9b7f67766e57200b1770178f61c/annotations-26.0.1.jar
7f6c0528d000-7f6c05290000 r--s 00033000 08:06 2122612                    /home/nydaniem/.gradle/caches/jars-3/0ce03714647bf7bd3c78634c20ddbf38/juniversalchardet-1.0.3.jar
7f6c05290000-7f6c05294000 r--s 0002a000 08:06 2122610                    /home/nydaniem/.gradle/caches/jars-3/9849af6d4b0409ba64061601342f385d/commons-io-2.4.jar
7f6c05294000-7f6c052ab000 r--s 00154000 08:06 2122608                    /home/nydaniem/.gradle/caches/jars-3/57adf9abd30c921d4ea1dfdcfe7b9efd/antlr4-4.5.3.jar
7f6c052ab000-7f6c052ac000 r--s 00003000 08:06 2122606                    /home/nydaniem/.gradle/caches/jars-3/54a15dd332fd4c2e246ad396835dc0d2/baseLibrary-3.0.1.jar
7f6c052ac000-7f6c052dc000 r--s 00245000 08:06 2122604                    /home/nydaniem/.gradle/caches/jars-3/8e27cdebb49ba2f804f9403d90aaaac5/guava-22.0.jar
7f6c052dc000-7f6c052e4000 r--s 000a8000 08:06 2122602                    /home/nydaniem/.gradle/caches/jars-3/6cc57ce9ec0d90186f781694264d61bc/lombok-ast-0.2.3.jar
7f6c052e4000-7f6c052e8000 r--s 0002f000 08:06 2122600                    /home/nydaniem/.gradle/caches/jars-3/505fcc8c47da308b2f1262f0ff3c65f1/jimfs-1.1.jar
7f6c052e8000-7f6c052fb000 r--s 00241000 08:06 2122598                    /home/nydaniem/.gradle/caches/jars-3/d8dc71eb6d91c966c45f7b594129e14a/ecj-4.6.1.jar
7f6c052fb000-7f6c052fc000 r--s 00003000 08:06 2122596                    /home/nydaniem/.gradle/caches/jars-3/fdb8f5ebd6a086c4818336712b830716/json-simple-1.1.jar
7f6c052fc000-7f6c05421000 r--s 00f5d000 08:06 2122594                    /home/nydaniem/.gradle/caches/jars-3/dfd566a90e18a0aa75879c33e0731ab8/fastutil-7.2.0.jar
7f6c05421000-7f6c0546c000 r--s 002ff000 08:06 2122592                    /home/nydaniem/.gradle/caches/jars-3/d3d44e9a7fcb4a86fb40775c385dd3d0/bcprov-jdk15on-1.56.jar
7f6c0546c000-7f6c0547d000 r--s 00097000 08:06 2122590                    /home/nydaniem/.gradle/caches/jars-3/59ebb77d99c5ca0e24bb23272e0329dd/bcpkix-jdk15on-1.56.jar
7f6c0547d000-7f6c0547f000 r--s 00002000 08:06 2122588                    /home/nydaniem/.gradle/caches/jars-3/f268e5e8fc83bb846ac355d6a16b1f30/javawriter-2.5.0.jar
7f6c0547f000-7f6c05484000 r--s 0003b000 08:06 2122586                    /home/nydaniem/.gradle/caches/jars-3/91bf67441f6ac57ccbb374f99f9ed0fc/apksig-3.0.1.jar
7f6c05484000-7f6c05487000 r--s 00024000 08:06 2122584                    /home/nydaniem/.gradle/caches/jars-3/04183dcd1bde85515b23d1bbd46ea9bc/common-26.0.1.jar
7f6c05487000-7f6c05489000 r--s 00006000 08:06 2122582                    /home/nydaniem/.gradle/caches/jars-3/a0ea702af2bdb16dfa1a50969b155dea/dvlib-26.0.1.jar
7f6c05489000-7f6c0548c000 r--s 00014000 08:06 2122580                    /home/nydaniem/.gradle/caches/jars-3/6abb718b4b844aa0386163f0c2f6eb72/layoutlib-api-26.0.1.jar
7f6c0548c000-7f6c05491000 r--s 0004d000 08:06 2122578                    /home/nydaniem/.gradle/caches/jars-3/65a80584522712b8832b7c1c03186c4b/ddmlib-26.0.1.jar
7f6c05491000-7f6c05492000 r--s 00003000 08:06 2122576                    /home/nydaniem/.gradle/caches/jars-3/af01854c900e4906a368ef59064a245d/builder-test-api-3.0.1.jar
7f6c05492000-7f6c05495000 r--s 00007000 08:06 2122574                    /home/nydaniem/.gradle/caches/jars-3/124ec36ab4edce0919b54d1123daa364/builder-model-3.0.1.jar
7f6c05495000-7f6c054a4000 r--s 00130000 08:06 2122572                    /home/nydaniem/.gradle/caches/jars-3/72ba1443c6adcea1f6ba21e12f0bb0fc/protobuf-java-3.0.0.jar
7f6c054a4000-7f6c054b7000 r--s 001a8000 08:06 2122570                    /home/nydaniem/.gradle/caches/jars-3/a1cbdfb97e256e71fcbd29dc4584a785/protos-26.0.1.jar
7f6c054b7000-7f6c054b8000 r--s 00005000 08:06 2122568                    /home/nydaniem/.gradle/caches/jars-3/ca5180624b528b15325a5d002dbfbb6d/shared-26.0.1.jar
7f6c054b8000-7f6c054ba000 r--s 00004000 08:06 2122566                    /home/nydaniem/.gradle/caches/jars-3/07f12c2b6f66ca8d4d6bd02e9c9b060a/tracker-26.0.1.jar
7f6c054ba000-7f6c054bc000 r--s 00002000 08:06 2122564                    /home/nydaniem/.gradle/caches/jars-3/e91624d2ed1c3b55eec9fd768ed13c1d/proguard-gradle-5.3.3.jar
7f6c054bc000-7f6c054be000 r--s 0000f000 08:06 2122562                    /home/nydaniem/.gradle/caches/jars-3/96760c32d36a5d7066e3ccf088bfd362/jopt-simple-4.9.jar
7f6c054be000-7f6c054c2000 r--s 0001e000 08:06 2122560                    /home/nydaniem/.gradle/caches/jars-3/0d3e95aba631209a078aeec58a76633d/org.jacoco.core-0.7.4.201502262128.jar
7f6c054c2000-7f6c054c5000 r--s 00020000 08:06 2122558                    /home/nydaniem/.gradle/caches/jars-3/c72fc284d34f39eab57a4e3ba83405e9/org.jacoco.report-0.7.4.201502262128.jar
7f6c054c5000-7f6c054c7000 r--s 0000c000 08:06 2122556                    /home/nydaniem/.gradle/caches/jars-3/9b0a36633c92c6e87e62c81734593183/asm-5.1.jar
7f6c054c7000-7f6c054c9000 r--s 00006000 08:06 2122554                    /home/nydaniem/.gradle/caches/jars-3/50c8a7da333c41693b2b7ce95b6d9d89/asm-tree-5.1.jar
7f6c054c9000-7f6c054cb000 r--s 0000a000 08:06 2122550                    /home/nydaniem/.gradle/caches/jars-3/d37aa405961c464c627b1efe5def81b8/asm-commons-5.1.jar
7f6c054cb000-7f6c054da000 r--s 000c8000 08:06 2122544                    /home/nydaniem/.gradle/caches/jars-3/af931fae44e009148423077fa09abbd1/kotlin-stdlib-1.1.3-2.jar
7f6c054da000-7f6c0550c000 r--s 0021b000 08:06 2122542                    /home/nydaniem/.gradle/caches/jars-3/24b2127528a18b338af82ff7ea236d45/kotlin-reflect-1.1.3-2.jar
7f6c0550c000-7f6c05512000 r--s 00030000 08:06 2122540                    /home/nydaniem/.gradle/caches/jars-3/90ec49f8b88710e2876aefe447609abb/repository-26.0.1.jar
7f6c05512000-7f6c0551d000 r--s 0009b000 08:06 2122538                    /home/nydaniem/.gradle/caches/jars-3/af771564c510a1c104220a8be892ab2d/sdklib-26.0.1.jar
7f6c0551d000-7f6c0552c000 r--s 000da000 08:06 2122536                    /home/nydaniem/.gradle/caches/jars-3/50767da85151ce151711c301f4a0623c/sdk-common-26.0.1.jar
7f6c0552c000-7f6c05530000 r--s 00023000 08:06 2122534                    /home/nydaniem/.gradle/caches/jars-3/186e268c3a12c0a405d658dabf9d64d2/manifest-merger-26.0.1.jar
7f6c05530000-7f6c05534000 r--s 0002e000 08:06 2122532                    /home/nydaniem/.gradle/caches/jars-3/c519ce7b2f3637e909703f541c08c445/compilerCommon-3.0.1.jar
7f6c05534000-7f6c05543000 r--s 000cb000 08:06 2122528                    /home/nydaniem/.gradle/caches/jars-3/e5c09abb4b0acf0785ecd8a8015ab959/uast-26.0.1.jar
7f6c05543000-7f6c0554a000 r--s 0007f000 08:06 2122526                    /home/nydaniem/.gradle/caches/jars-3/b1f5a73634581e955e7f89376aea2d48/lint-api-26.0.1.jar
7f6c0554a000-7f6c05553000 r--s 000ff000 08:06 2122524                    /home/nydaniem/.gradle/caches/jars-3/75e696a5531ca85e1fe447df83f74bd2/lint-checks-26.0.1.jar
7f6c05553000-7f6c05753000 rw-p 00000000 00:00 0 
7f6c05753000-7f6c05756000 ---p 00000000 00:00 0 
7f6c05756000-7f6c05854000 rw-p 00000000 00:00 0 
7f6c05854000-7f6c05857000 ---p 00000000 00:00 0 
7f6c05857000-7f6c05955000 rw-p 00000000 00:00 0 
7f6c05955000-7f6c05958000 ---p 00000000 00:00 0 
7f6c05958000-7f6c05a56000 rw-p 00000000 00:00 0 
7f6c05a56000-7f6c05a59000 ---p 00000000 00:00 0 
7f6c05a59000-7f6c05d57000 rw-p 00000000 00:00 0 
7f6c05d57000-7f6c05d5a000 ---p 00000000 00:00 0 
7f6c05d5a000-7f6c06058000 rw-p 00000000 00:00 0 
7f6c06058000-7f6c06258000 rw-p 00000000 00:00 0 
7f6c06258000-7f6c06458000 rw-p 00000000 00:00 0 
7f6c06458000-7f6c06459000 r--s 0000a000 08:06 2122552                    /home/nydaniem/.gradle/caches/jars-3/c4f1f1d5a624f981d35a78d181e2c418/asm-util-5.1.jar
7f6c06459000-7f6c0645a000 r--s 00004000 08:06 2122548                    /home/nydaniem/.gradle/caches/jars-3/2b2689d10a4425b1cb2d0654db2ea088/asm-analysis-5.1.jar
7f6c0645a000-7f6c0645b000 r--s 00000000 08:06 2122546                    /home/nydaniem/.gradle/caches/jars-3/5206138fb8a6b2ffbd31e140916c2100/transform-api-2.0.0-deprecated-use-gradle-api.jar
7f6c0645b000-7f6c0645d000 r--s 00003000 08:06 2122530                    /home/nydaniem/.gradle/caches/jars-3/34cfdbf6cad3f54cc2f45521bf0374e7/gradle-api-3.0.1.jar
7f6c0645d000-7f6c06460000 r--s 00039000 08:06 2122522                    /home/nydaniem/.gradle/caches/jars-3/7fa6c4fcdd1d81db4cc9c7439ce29486/lint-26.0.1.jar
7f6c06460000-7f6c06490000 r--s 01983000 08:06 2122520                    /home/nydaniem/.gradle/caches/jars-3/add7f1627b730db059119a8274a10c21/builder-3.0.1.jar
7f6c06490000-7f6c064b3000 r--s 0020b000 08:06 2122518                    /home/nydaniem/.gradle/caches/jars-3/4adae2b762c8552c6e3aa2ded1493e4b/gradle-core-3.0.1.jar
7f6c064b3000-7f6c064b5000 r--s 0000f000 08:06 2122516                    /home/nydaniem/.gradle/caches/jars-3/afd86a0d8507fd7f2e97461eaf9e4416/gradle-3.0.1.jar
7f6c064b5000-7f6c064c7000 r--s 00345000 08:06 2097238                    /home/nydaniem/Téléchargements/android-studio/jre/jre/lib/resources.jar
7f6c064c7000-7f6c066c7000 rw-p 00000000 00:00 0 
7f6c066c7000-7f6c068c7000 rw-p 00000000 00:00 0 
7f6c068c7000-7f6c06940000 r--s 010fd000 08:06 2097209                    /home/nydaniem/Téléchargements/android-studio/jre/lib/tools.jar
7f6c06940000-7f6c06943000 ---p 00000000 00:00 0 
7f6c06943000-7f6c06c41000 rw-p 00000000 00:00 0 
7f6c06c41000-7f6c06c44000 ---p 00000000 00:00 0 
7f6c06c44000-7f6c06d42000 rw-p 00000000 00:00 0 
7f6c06d42000-7f6c06d45000 ---p 00000000 00:00 0 
7f6c06d45000-7f6c07043000 rw-p 00000000 00:00 0 
7f6c07043000-7f6c07046000 ---p 00000000 00:00 0 
7f6c07046000-7f6c07144000 rw-p 00000000 00:00 0 
7f6c07144000-7f6c07147000 ---p 00000000 00:00 0 
7f6c07147000-7f6c07245000 rw-p 00000000 00:00 0 
7f6c07245000-7f6c07248000 ---p 00000000 00:00 0 
7f6c07248000-7f6c07346000 rw-p 00000000 00:00 0 
7f6c07346000-7f6c07349000 ---p 00000000 00:00 0 
7f6c07349000-7f6c07447000 rw-p 00000000 00:00 0 
7f6c07447000-7f6c0744a000 ---p 00000000 00:00 0 
7f6c0744a000-7f6c07548000 rw-p 00000000 00:00 0 
7f6c07548000-7f6c0754b000 ---p 00000000 00:00 0 
7f6c0754b000-7f6c07649000 rw-p 00000000 00:00 0 
7f6c07649000-7f6c0764c000 ---p 00000000 00:00 0 
7f6c0764c000-7f6c0774a000 rw-p 00000000 00:00 0 
7f6c0774a000-7f6c07751000 r--s 00000000 08:06 131404                     /usr/lib/x86_64-linux-gnu/gconv/gconv-modules.cache
7f6c07751000-7f6c07754000 ---p 00000000 00:00 0 
7f6c07754000-7f6c07852000 rw-p 00000000 00:00 0 
7f6c07852000-7f6c07857000 r--s 0009a000 08:06 2097334                    /home/nydaniem/Téléchargements/android-studio/jre/jre/lib/jsse.jar
7f6c07857000-7f6c07a57000 rw-p 00000000 00:00 0 
7f6c07a57000-7f6c07a60000 r-xp 00000000 08:06 2097287                    /home/nydaniem/Téléchargements/android-studio/jre/jre/lib/amd64/libmanagement.so
7f6c07a60000-7f6c07c5f000 ---p 00009000 08:06 2097287                    /home/nydaniem/Téléchargements/android-studio/jre/jre/lib/amd64/libmanagement.so
7f6c07c5f000-7f6c07c60000 r--p 00008000 08:06 2097287                    /home/nydaniem/Téléchargements/android-studio/jre/jre/lib/amd64/libmanagement.so
7f6c07c60000-7f6c07c61000 rw-p 00009000 08:06 2097287                    /home/nydaniem/Téléchargements/android-studio/jre/jre/lib/amd64/libmanagement.so
7f6c07c61000-7f6c07c63000 r--s 00007000 08:06 1721031                    /home/nydaniem/.gradle/wrapper/dists/gradle-4.1-all/bzyivzo6n839fup2jbap0tjew/gradle-4.1/lib/plugins/gradle-tooling-api-builders-4.1.jar
7f6c07c63000-7f6c07c66000 r--s 00009000 08:06 1721041                    /home/nydaniem/.gradle/wrapper/dists/gradle-4.1-all/bzyivzo6n839fup2jbap0tjew/gradle-4.1/lib/plugins/gradle-testing-native-4.1.jar
7f6c07c66000-7f6c07c68000 r--s 00009000 08:06 1721114                    /home/nydaniem/.gradle/wrapper/dists/gradle-4.1-all/bzyivzo6n839fup2jbap0tjew/gradle-4.1/lib/plugins/hamcrest-core-1.3.jar
7f6c07c68000-7f6c07c6d000 r--s 00040000 08:06 1721109                    /home/nydaniem/.gradle/wrapper/dists/gradle-4.1-all/bzyivzo6n839fup2jbap0tjew/gradle-4.1/lib/plugins/bsh-2.0b4.jar
7f6c07c6d000-7f6c07c6f000 r--s 00006000 08:06 1721110                    /home/nydaniem/.gradle/wrapper/dists/gradle-4.1-all/bzyivzo6n839fup2jbap0tjew/gradle-4.1/lib/plugins/jcommander-1.12.jar
7f6c07c6f000-7f6c07c75000 r--s 00033000 08:06 1721111                    /home/nydaniem/.gradle/wrapper/dists/gradle-4.1-all/bzyivzo6n839fup2jbap0tjew/gradle-4.1/lib/plugins/snakeyaml-1.6.jar
7f6c07c75000-7f6c07c7e000 r--s 00089000 08:06 1721069                    /home/nydaniem/.gradle/wrapper/dists/gradle-4.1-all/bzyivzo6n839fup2jbap0tjew/gradle-4.1/lib/plugins/testng-6.3.1.jar
7f6c07c7e000-7f6c07c86000 r--s 00045000 08:06 1721070                    /home/nydaniem/.gradle/wrapper/dists/gradle-4.1-all/bzyivzo6n839fup2jbap0tjew/gradle-4.1/lib/plugins/junit-4.12.jar
7f6c07c86000-7f6c07c8c000 r--s 0002e000 08:06 1721037                    /home/nydaniem/.gradle/wrapper/dists/gradle-4.1-all/bzyivzo6n839fup2jbap0tjew/gradle-4.1/lib/plugins/gradle-testing-jvm-4.1.jar
7f6c07c8c000-7f6c07c90000 r--s 00017000 08:06 1721045                    /home/nydaniem/.gradle/wrapper/dists/gradle-4.1-all/bzyivzo6n839fup2jbap0tjew/gradle-4.1/lib/plugins/gradle-testing-base-4.1.jar
7f6c07c90000-7f6c07c97000 r--s 00038000 08:06 1721065                    /home/nydaniem/.gradle/wrapper/dists/gradle-4.1-all/bzyivzo6n839fup2jbap0tjew/gradle-4.1/lib/plugins/bcpg-jdk15on-1.51.jar
7f6c07c97000-7f6c07c99000 r--s 0000c000 08:06 1721016                    /home/nydaniem/.gradle/wrapper/dists/gradle-4.1-all/bzyivzo6n839fup2jbap0tjew/gradle-4.1/lib/plugins/gradle-signing-4.1.jar
7f6c07c99000-7f6c07c9b000 r--s 00007000 08:06 1721022                    /home/nydaniem/.gradle/wrapper/dists/gradle-4.1-all/bzyivzo6n839fup2jbap0tjew/gradle-4.1/lib/plugins/gradle-scala-4.1.jar
7f6c07c9b000-7f6c07c9c000 r--s 00004000 08:06 1721053                    /home/nydaniem/.gradle/wrapper/dists/gradle-4.1-all/bzyivzo6n839fup2jbap0tjew/gradle-4.1/lib/plugins/gradle-resources-sftp-4.1.jar
7f6c07c9c000-7f6c07cac000 r--s 00088000 08:06 1721082                    /home/nydaniem/.gradle/wrapper/dists/gradle-4.1-all/bzyivzo6n839fup2jbap0tjew/gradle-4.1/lib/plugins/joda-time-2.8.2.jar
7f6c07cac000-7f6c07cbd000 r--s 0010d000 08:06 1721081                    /home/nydaniem/.gradle/wrapper/dists/gradle-4.1-all/bzyivzo6n839fup2jbap0tjew/gradle-4.1/lib/plugins/jackson-databind-2.6.6.jar
7f6c07cbd000-7f6c07cc0000 r--s 00009000 08:06 1721080                    /home/nydaniem/.gradle/wrapper/dists/gradle-4.1-all/bzyivzo6n839fup2jbap0tjew/gradle-4.1/lib/plugins/jackson-annotations-2.6.6.jar
7f6c07cc0000-7f6c07cc4000 r--s 0003c000 08:06 1721079                    /home/nydaniem/.gradle/wrapper/dists/gradle-4.1-all/bzyivzo6n839fup2jbap0tjew/gradle-4.1/lib/plugins/jackson-core-2.6.6.jar
7f6c07cc4000-7f6c07cd2000 r--s 00087000 08:06 1721078                    /home/nydaniem/.gradle/wrapper/dists/gradle-4.1-all/bzyivzo6n839fup2jbap0tjew/gradle-4.1/lib/plugins/aws-java-sdk-core-1.11.6.jar
7f6c07cd2000-7f6c07cd9000 r--s 00057000 08:06 1721077                    /home/nydaniem/.gradle/wrapper/dists/gradle-4.1-all/bzyivzo6n839fup2jbap0tjew/gradle-4.1/lib/plugins/aws-java-sdk-kms-1.11.6.jar
7f6c07cd9000-7f6c07ce6000 r--s 0008e000 08:06 1721076                    /home/nydaniem/.gradle/wrapper/dists/gradle-4.1-all/bzyivzo6n839fup2jbap0tjew/gradle-4.1/lib/plugins/aws-java-sdk-s3-1.11.6.jar
7f6c07ce6000-7f6c07ce8000 r--s 00004000 08:06 1721050                    /home/nydaniem/.gradle/wrapper/dists/gradle-4.1-all/bzyivzo6n839fup2jbap0tjew/gradle-4.1/lib/plugins/gradle-resources-s3-4.1.jar
7f6c07ce8000-7f6c07cea000 r--s 00010000 08:06 1721046                    /home/nydaniem/.gradle/wrapper/dists/gradle-4.1-all/bzyivzo6n839fup2jbap0tjew/gradle-4.1/lib/plugins/gradle-reporting-4.1.jar
7f6c07cea000-7f6c07cec000 r--s 00002000 08:06 1721047                    /home/nydaniem/.gradle/wrapper/dists/gradle-4.1-all/bzyivzo6n839fup2jbap0tjew/gradle-4.1/lib/plugins/gradle-publish-4.1.jar
7f6c07cec000-7f6c07cee000 r--s 00009000 08:06 1721058                    /home/nydaniem/.gradle/wrapper/dists/gradle-4.1-all/bzyivzo6n839fup2jbap0tjew/gradle-4.1/lib/plugins/commons-cli-1.2.jar
7f6c07cee000-7f6c07cf4000 r--s 00036000 08:06 1721030                    /home/nydaniem/.gradle/wrapper/dists/gradle-4.1-all/bzyivzo6n839fup2jbap0tjew/gradle-4.1/lib/plugins/gradle-plugins-4.1.jar
7f6c07cf4000-7f6c07cf6000 r--s 00009000 08:06 1721017                    /home/nydaniem/.gradle/wrapper/dists/gradle-4.1-all/bzyivzo6n839fup2jbap0tjew/gradle-4.1/lib/plugins/gradle-plugin-development-4.1.jar
7f6c07cf6000-7f6c07cfc000 r--s 0002b000 08:06 1721025                    /home/nydaniem/.gradle/wrapper/dists/gradle-4.1-all/bzyivzo6n839fup2jbap0tjew/gradle-4.1/lib/plugins/gradle-platform-play-4.1.jar
7f6c07cfc000-7f6c07d0b000 r--s 0005b000 08:06 1721043                    /home/nydaniem/.gradle/wrapper/dists/gradle-4.1-all/bzyivzo6n839fup2jbap0tjew/gradle-4.1/lib/plugins/gradle-platform-native-4.1.jar
7f6c07d0b000-7f6c07d0f000 r--s 0001b000 08:06 1721040                    /home/nydaniem/.gradle/wrapper/dists/gradle-4.1-all/bzyivzo6n839fup2jbap0tjew/gradle-4.1/lib/plugins/gradle-platform-jvm-4.1.jar
7f6c07d0f000-7f6c07d17000 r--s 00027000 08:06 1721048                    /home/nydaniem/.gradle/wrapper/dists/gradle-4.1-all/bzyivzo6n839fup2jbap0tjew/gradle-4.1/lib/plugins/gradle-platform-base-4.1.jar
7f6c07d17000-7f6c07d3f000 r--s 0021c000 08:06 1721059                    /home/nydaniem/.gradle/wrapper/dists/gradle-4.1-all/bzyivzo6n839fup2jbap0tjew/gradle-4.1/lib/plugins/biz.aQute.bndlib-3.2.0.jar
7f6c07d3f000-7f6c07d40000 r--s 00004000 08:06 1721015                    /home/nydaniem/.gradle/wrapper/dists/gradle-4.1-all/bzyivzo6n839fup2jbap0tjew/gradle-4.1/lib/plugins/gradle-osgi-4.1.jar
7f6c07d40000-7f6c07d43000 r--s 0000c000 08:06 1721062                    /home/nydaniem/.gradle/wrapper/dists/gradle-4.1-all/bzyivzo6n839fup2jbap0tjew/gradle-4.1/lib/plugins/pmaven-groovy-0.8-20100325.jar
7f6c07d43000-7f6c07d44000 r--s 00004000 08:06 1721061                    /home/nydaniem/.gradle/wrapper/dists/gradle-4.1-all/bzyivzo6n839fup2jbap0tjew/gradle-4.1/lib/plugins/pmaven-common-0.8-20100325.jar
7f6c07d44000-7f6c07d4a000 r--s 00023000 08:06 1721018                    /home/nydaniem/.gradle/wrapper/dists/gradle-4.1-all/bzyivzo6n839fup2jbap0tjew/gradle-4.1/lib/plugins/gradle-maven-4.1.jar
7f6c07d4a000-7f6c07d4d000 r--s 0000b000 08:06 1721036                    /home/nydaniem/.gradle/wrapper/dists/gradle-4.1-all/bzyivzo6n839fup2jbap0tjew/gradle-4.1/lib/plugins/gradle-language-scala-4.1.jar
7f6c07d4d000-7f6c07d54000 r--s 00020000 08:06 1721042                    /home/nydaniem/.gradle/wrapper/dists/gradle-4.1-all/bzyivzo6n839fup2jbap0tjew/gradle-4.1/lib/plugins/gradle-language-native-4.1.jar
7f6c07d54000-7f6c07d56000 r--s 00005000 08:06 1721039                    /home/nydaniem/.gradle/wrapper/dists/gradle-4.1-all/bzyivzo6n839fup2jbap0tjew/gradle-4.1/lib/plugins/gradle-language-jvm-4.1.jar
7f6c07d56000-7f6c07d5d000 r--s 0002f000 08:06 1721038                    /home/nydaniem/.gradle/wrapper/dists/gradle-4.1-all/bzyivzo6n839fup2jbap0tjew/gradle-4.1/lib/plugins/gradle-language-java-4.1.jar
7f6c07d5d000-7f6c07d60000 r--s 0000a000 08:06 1721035                    /home/nydaniem/.gradle/wrapper/dists/gradle-4.1-all/bzyivzo6n839fup2jbap0tjew/gradle-4.1/lib/plugins/gradle-language-groovy-4.1.jar
7f6c07d60000-7f6c07d67000 r--s 00035000 08:06 1721068                    /home/nydaniem/.gradle/wrapper/dists/gradle-4.1-all/bzyivzo6n839fup2jbap0tjew/gradle-4.1/lib/plugins/simple-4.1.21.jar
7f6c07d67000-7f6c07d73000 r--s 00100000 08:06 1721066                    /home/nydaniem/.gradle/wrapper/dists/gradle-4.1-all/bzyivzo6n839fup2jbap0tjew/gradle-4.1/lib/plugins/rhino-1.7R3.jar
7f6c07d73000-7f6c07d77000 r--s 00012000 08:06 1721026                    /home/nydaniem/.gradle/wrapper/dists/gradle-4.1-all/bzyivzo6n839fup2jbap0tjew/gradle-4.1/lib/plugins/gradle-javascript-4.1.jar
7f6c07d77000-7f6c07d7a000 r--s 00011000 08:06 1721028                    /home/nydaniem/.gradle/wrapper/dists/gradle-4.1-all/bzyivzo6n839fup2jbap0tjew/gradle-4.1/lib/plugins/gradle-jacoco-4.1.jar
7f6c07d7a000-7f6c07d7d000 r--s 0000e000 08:06 1721027                    /home/nydaniem/.gradle/wrapper/dists/gradle-4.1-all/bzyivzo6n839fup2jbap0tjew/gradle-4.1/lib/plugins/gradle-ivy-4.1.jar
7f6c07d7d000-7f6c07d7e000 r--s 00002000 08:06 1721019                    /home/nydaniem/.gradle/wrapper/dists/gradle-4.1-all/bzyivzo6n839fup2jbap0tjew/gradle-4.1/lib/plugins/gradle-ide-play-4.1.jar
7f6c07d7e000-7f6c07d81000 r--s 00013000 08:06 1721020                    /home/nydaniem/.gradle/wrapper/dists/gradle-4.1-all/bzyivzo6n839fup2jbap0tjew/gradle-4.1/lib/plugins/gradle-ide-native-4.1.jar
7f6c07d81000-7f6c07d8b000 r--s 00054000 08:06 1721021                    /home/nydaniem/.gradle/wrapper/dists/gradle-4.1-all/bzyivzo6n839fup2jbap0tjew/gradle-4.1/lib/plugins/gradle-ide-4.1.jar
7f6c07d8b000-7f6c07d8d000 r--s 00007000 08:06 1721024                    /home/nydaniem/.gradle/wrapper/dists/gradle-4.1-all/bzyivzo6n839fup2jbap0tjew/gradle-4.1/lib/plugins/gradle-ear-4.1.jar
7f6c07d8d000-7f6c07d8f000 r--s 00005000 08:06 1721056                    /home/nydaniem/.gradle/wrapper/dists/gradle-4.1-all/bzyivzo6n839fup2jbap0tjew/gradle-4.1/lib/plugins/jatl-0.2.2.jar
7f6c07d8f000-7f6c07d96000 r--s 00038000 08:06 1721044                    /home/nydaniem/.gradle/wrapper/dists/gradle-4.1-all/bzyivzo6n839fup2jbap0tjew/gradle-4.1/lib/plugins/gradle-diagnostics-4.1.jar
7f6c07d96000-7f6c07d98000 r--s 0000b000 08:06 1721033                    /home/nydaniem/.gradle/wrapper/dists/gradle-4.1-all/bzyivzo6n839fup2jbap0tjew/gradle-4.1/lib/plugins/gradle-composite-builds-4.1.jar
7f6c07d98000-7f6c07d9d000 r--s 00025000 08:06 1721013                    /home/nydaniem/.gradle/wrapper/dists/gradle-4.1-all/bzyivzo6n839fup2jbap0tjew/gradle-4.1/lib/plugins/gradle-code-quality-4.1.jar
7f6c07d9d000-7f6c07da2000 r--s 00022000 08:06 1721029                    /home/nydaniem/.gradle/wrapper/dists/gradle-4.1-all/bzyivzo6n839fup2jbap0tjew/gradle-4.1/lib/plugins/gradle-build-init-4.1.jar
7f6c07da2000-7f6c07da8000 r--s 0008e000 08:06 1721023                    /home/nydaniem/.gradle/wrapper/dists/gradle-4.1-all/bzyivzo6n839fup2jbap0tjew/gradle-4.1/lib/plugins/gradle-build-comparison-4.1.jar
7f6c07da8000-7f6c07da9000 r--s 00002000 08:06 1721051                    /home/nydaniem/.gradle/wrapper/dists/gradle-4.1-all/bzyivzo6n839fup2jbap0tjew/gradle-4.1/lib/plugins/gradle-build-cache-http-4.1.jar
7f6c07da9000-7f6c07dab000 r--s 00008000 08:06 1721014                    /home/nydaniem/.gradle/wrapper/dists/gradle-4.1-all/bzyivzo6n839fup2jbap0tjew/gradle-4.1/lib/plugins/gradle-antlr-4.1.jar
7f6c07dab000-7f6c07dad000 r--s 00004000 08:06 1721034                    /home/nydaniem/.gradle/wrapper/dists/gradle-4.1-all/bzyivzo6n839fup2jbap0tjew/gradle-4.1/lib/plugins/gradle-announce-4.1.jar
7f6c07dad000-7f6c07daf000 r--s 00008000 08:06 1720954                    /home/nydaniem/.gradle/wrapper/dists/gradle-4.1-all/bzyivzo6n839fup2jbap0tjew/gradle-4.1/lib/gradle-kotlin-dsl-tooling-builders-0.10.3.jar
7f6c07daf000-7f6c07db7000 r--s 00028000 08:06 1721113                    /home/nydaniem/.gradle/wrapper/dists/gradle-4.1-all/bzyivzo6n839fup2jbap0tjew/gradle-4.1/lib/plugins/xml-apis-1.3.04.jar
7f6c07db7000-7f6c07dcf000 r--s 00115000 08:06 1721073                    /home/nydaniem/.gradle/wrapper/dists/gradle-4.1-all/bzyivzo6n839fup2jbap0tjew/gradle-4.1/lib/plugins/xercesImpl-2.9.1.jar
7f6c07dcf000-7f6c07dd5000 r--s 0005b000 08:06 1721071                    /home/nydaniem/.gradle/wrapper/dists/gradle-4.1-all/bzyivzo6n839fup2jbap0tjew/gradle-4.1/lib/plugins/jcifs-1.3.17.jar
7f6c07dd5000-7f6c07ddc000 r--s 00049000 08:06 1721112                    /home/nydaniem/.gradle/wrapper/dists/gradle-4.1-all/bzyivzo6n839fup2jbap0tjew/gradle-4.1/lib/plugins/httpcore-4.4.4.jar
7f6c07ddc000-7f6c07de9000 r--s 000a4000 08:06 1721057                    /home/nydaniem/.gradle/wrapper/dists/gradle-4.1-all/bzyivzo6n839fup2jbap0tjew/gradle-4.1/lib/plugins/httpclient-4.4.1.jar
7f6c07de9000-7f6c07dff000 r-xp 00000000 08:06 131264                     /lib/x86_64-linux-gnu/libgcc_s.so.1
7f6c07dff000-7f6c07ffe000 ---p 00016000 08:06 131264                     /lib/x86_64-linux-gnu/libgcc_s.so.1
7f6c07ffe000-7f6c07fff000 r--p 00015000 08:06 131264                     /lib/x86_64-linux-gnu/libgcc_s.so.1
7f6c07fff000-7f6c08000000 rw-p 00016000 08:06 131264                     /lib/x86_64-linux-gnu/libgcc_s.so.1
7f6c08000000-7f6c08021000 rw-p 00000000 00:00 0 
7f6c08021000-7f6c0c000000 ---p 00000000 00:00 0 
7f6c0c000000-7f6c0c021000 rw-p 00000000 00:00 0 
7f6c0c021000-7f6c10000000 ---p 00000000 00:00 0 
7f6c10000000-7f6c1200d000 rw-p 00000000 00:00 0 
7f6c1200d000-7f6c14000000 ---p 00000000 00:00 0 
7f6c14000000-7f6c14d44000 rw-p 00000000 00:00 0 
7f6c14d44000-7f6c18000000 ---p 00000000 00:00 0 
7f6c18000000-7f6c18021000 rw-p 00000000 00:00 0 
7f6c18021000-7f6c1c000000 ---p 00000000 00:00 0 
7f6c1c000000-7f6c1de51000 rw-p 00000000 00:00 0 
7f6c1de51000-7f6c20000000 ---p 00000000 00:00 0 
7f6c20000000-7f6c2003f000 rw-p 00000000 00:00 0 
7f6c2003f000-7f6c24000000 ---p 00000000 00:00 0 
7f6c24000000-7f6c2422a000 rw-p 00000000 00:00 0 
7f6c2422a000-7f6c28000000 ---p 00000000 00:00 0 
7f6c28000000-7f6c28076000 rw-p 00000000 00:00 0 
7f6c28076000-7f6c2c000000 ---p 00000000 00:00 0 
7f6c2c000000-7f6c2c3a3000 rw-p 00000000 00:00 0 
7f6c2c3a3000-7f6c30000000 ---p 00000000 00:00 0 
7f6c30000000-7f6c30062000 rw-p 00000000 00:00 0 
7f6c30062000-7f6c34000000 ---p 00000000 00:00 0 
7f6c34000000-7f6c34003000 r--s 0001c000 08:06 1721072                    /home/nydaniem/.gradle/wrapper/dists/gradle-4.1-all/bzyivzo6n839fup2jbap0tjew/gradle-4.1/lib/plugins/nekohtml-1.9.14.jar
7f6c34003000-7f6c34009000 r--s 00033000 08:06 1721064                    /home/nydaniem/.gradle/wrapper/dists/gradle-4.1-all/bzyivzo6n839fup2jbap0tjew/gradle-4.1/lib/plugins/commons-codec-1.6.jar
7f6c34009000-7f6c3400b000 r--s 0000b000 08:06 1721052                    /home/nydaniem/.gradle/wrapper/dists/gradle-4.1-all/bzyivzo6n839fup2jbap0tjew/gradle-4.1/lib/plugins/gradle-resources-http-4.1.jar
7f6c3400b000-7f6c3400f000 r--s 00017000 08:06 1721049                    /home/nydaniem/.gradle/wrapper/dists/gradle-4.1-all/bzyivzo6n839fup2jbap0tjew/gradle-4.1/lib/plugins/gradle-plugin-use-4.1.jar
7f6c3400f000-7f6c34010000 r--s 00000000 08:06 1720960                    /home/nydaniem/.gradle/wrapper/dists/gradle-4.1-all/bzyivzo6n839fup2jbap0tjew/gradle-4.1/lib/gradle-runtime-api-info-4.1.jar
7f6c34010000-7f6c34011000 r--s 00000000 08:06 1720963                    /home/nydaniem/.gradle/wrapper/dists/gradle-4.1-all/bzyivzo6n839fup2jbap0tjew/gradle-4.1/lib/gradle-installation-beacon-4.1.jar
7f6c34011000-7f6c34051000 r--s 00277000 08:06 1721084                    /home/nydaniem/.gradle/wrapper/dists/gradle-4.1-all/bzyivzo6n839fup2jbap0tjew/gradle-4.1/lib/plugins/bcprov-jdk15on-1.51.jar
7f6c34051000-7f6c34055000 r--s 0001d000 08:06 1721083                    /home/nydaniem/.gradle/wrapper/dists/gradle-4.1-all/bzyivzo6n839fup2jbap0tjew/gradle-4.1/lib/plugins/xbean-reflect-3.4.jar
7f6c34055000-7f6c34057000 r--s 0000a000 08:06 1721085                    /home/nydaniem/.gradle/wrapper/dists/gradle-4.1-all/bzyivzo6n839fup2jbap0tjew/gradle-4.1/lib/plugins/maven-settings-3.0.4.jar
7f6c34057000-7f6c3405a000 r--s 00008000 08:06 1721086                    /home/nydaniem/.gradle/wrapper/dists/gradle-4.1-all/bzyivzo6n839fup2jbap0tjew/gradle-4.1/lib/plugins/maven-settings-builder-3.0.4.jar
7f6c3405a000-7f6c3405e000 r--s 00033000 08:06 1721087                    /home/nydaniem/.gradle/wrapper/dists/gradle-4.1-all/bzyivzo6n839fup2jbap0tjew/gradle-4.1/lib/plugins/plexus-utils-2.0.6.jar
7f6c3405e000-7f6c34060000 r--s 0000d000 08:06 1721088                    /home/nydaniem/.gradle/wrapper/dists/gradle-4.1-all/bzyivzo6n839fup2jbap0tjew/gradle-4.1/lib/plugins/plexus-interpolation-1.14.jar
7f6c34060000-7f6c34062000 r--s 00000000 08:06 1721063                    /home/nydaniem/.gradle/wrapper/dists/gradle-4.1-all/bzyivzo6n839fup2jbap0tjew/gradle-4.1/lib/plugins/plexus-component-annotations-1.5.5.jar
7f6c34062000-7f6c34069000 r--s 0002e000 08:06 1721089                    /home/nydaniem/.gradle/wrapper/dists/gradle-4.1-all/bzyivzo6n839fup2jbap0tjew/gradle-4.1/lib/plugins/plexus-container-default-1.5.5.jar
7f6c34069000-7f6c3406b000 r--s 0000a000 08:06 1721090                    /home/nydaniem/.gradle/wrapper/dists/gradle-4.1-all/bzyivzo6n839fup2jbap0tjew/gradle-4.1/lib/plugins/plexus-classworlds-2.4.jar
7f6c3406b000-7f6c3406d000 r--s 00002000 08:06 1721091                    /home/nydaniem/.gradle/wrapper/dists/gradle-4.1-all/bzyivzo6n839fup2jbap0tjew/gradle-4.1/lib/plugins/plexus-cipher-1.7.jar
7f6c3406d000-7f6c3406e000 r--s 00006000 08:06 1721092                    /home/nydaniem/.gradle/wrapper/dists/gradle-4.1-all/bzyivzo6n839fup2jbap0tjew/gradle-4.1/lib/plugins/plexus-sec-dispatcher-1.3.jar
7f6c3406e000-7f6c34074000 r--s 0003f000 08:06 1721093                    /home/nydaniem/.gradle/wrapper/dists/gradle-4.1-all/bzyivzo6n839fup2jbap0tjew/gradle-4.1/lib/plugins/maven-compat-3.0.4.jar
7f6c34074000-7f6c34078000 r--s 00021000 08:06 1721094                    /home/nydaniem/.gradle/wrapper/dists/gradle-4.1-all/bzyivzo6n839fup2jbap0tjew/gradle-4.1/lib/plugins/maven-model-builder-3.0.4.jar
7f6c34078000-7f6c3407a000 r--s 00026000 08:06 1721095                    /home/nydaniem/.gradle/wrapper/dists/gradle-4.1-all/bzyivzo6n839fup2jbap0tjew/gradle-4.1/lib/plugins/maven-model-3.0.4.jar
7f6c3407a000-7f6c3407c000 r--s 0000b000 08:06 1721096                    /home/nydaniem/.gradle/wrapper/dists/gradle-4.1-all/bzyivzo6n839fup2jbap0tjew/gradle-4.1/lib/plugins/maven-artifact-3.0.4.jar
7f6c3407c000-7f6c3407e000 r--s 00006000 08:06 1721097                    /home/nydaniem/.gradle/wrapper/dists/gradle-4.1-all/bzyivzo6n839fup2jbap0tjew/gradle-4.1/lib/plugins/maven-repository-metadata-3.0.4.jar
7f6c3407e000-7f6c34080000 r--s 0000b000 08:06 1721098                    /home/nydaniem/.gradle/wrapper/dists/gradle-4.1-all/bzyivzo6n839fup2jbap0tjew/gradle-4.1/lib/plugins/maven-plugin-api-3.0.4.jar
7f6c34080000-7f6c34082000 r--s 0000c000 08:06 1721099                    /home/nydaniem/.gradle/wrapper/dists/gradle-4.1-all/bzyivzo6n839fup2jbap0tjew/gradle-4.1/lib/plugins/maven-aether-provider-3.0.4.jar
7f6c34082000-7f6c34083000 r--s 00002000 08:06 1721100                    /home/nydaniem/.gradle/wrapper/dists/gradle-4.1-all/bzyivzo6n839fup2jbap0tjew/gradle-4.1/lib/plugins/wagon-file-2.4.jar
7f6c34083000-7f6c34084000 r--s 00002000 08:06 1721101                    /home/nydaniem/.gradle/wrapper/dists/gradle-4.1-all/bzyivzo6n839fup2jbap0tjew/gradle-4.1/lib/plugins/wagon-http-2.4.jar
7f6c34084000-7f6c34086000 r--s 0000b000 08:06 1721102                    /home/nydaniem/.gradle/wrapper/dists/gradle-4.1-all/bzyivzo6n839fup2jbap0tjew/gradle-4.1/lib/plugins/wagon-provider-api-2.4.jar
7f6c34086000-7f6c34089000 r--s 00013000 08:06 1721104                    /home/nydaniem/.gradle/wrapper/dists/gradle-4.1-all/bzyivzo6n839fup2jbap0tjew/gradle-4.1/lib/plugins/aether-api-1.13.1.jar
7f6c34089000-7f6c34095000 r--s 0007d000 08:06 1721060                    /home/nydaniem/.gradle/wrapper/dists/gradle-4.1-all/bzyivzo6n839fup2jbap0tjew/gradle-4.1/lib/plugins/maven-core-3.0.4.jar
7f6c34095000-7f6c340a4000 r--s 000d9000 08:06 1721074                    /home/nydaniem/.gradle/wrapper/dists/gradle-4.1-all/bzyivzo6n839fup2jbap0tjew/gradle-4.1/lib/plugins/ivy-2.2.0.jar
7f6c340a4000-7f6c3421e000 r-xp 00000000 08:06 1861057                    /usr/lib/x86_64-linux-gnu/libstdc++.so.6.0.24
7f6c3421e000-7f6c3441d000 ---p 0017a000 08:06 1861057                    /usr/lib/x86_64-linux-gnu/libstdc++.so.6.0.24
7f6c3441d000-7f6c34427000 r--p 00179000 08:06 1861057                    /usr/lib/x86_64-linux-gnu/libstdc++.so.6.0.24
7f6c34427000-7f6c34429000 rw-p 00183000 08:06 1861057                    /usr/lib/x86_64-linux-gnu/libstdc++.so.6.0.24
7f6c34429000-7f6c3442c000 rw-p 00000000 00:00 0 
7f6c3442c000-7f6c3442d000 r--s 00007000 08:06 1721103                    /home/nydaniem/.gradle/wrapper/dists/gradle-4.1-all/bzyivzo6n839fup2jbap0tjew/gradle-4.1/lib/plugins/wagon-http-shared4-2.4.jar
7f6c3442d000-7f6c34430000 r--s 0001d000 08:06 1721105                    /home/nydaniem/.gradle/wrapper/dists/gradle-4.1-all/bzyivzo6n839fup2jbap0tjew/gradle-4.1/lib/plugins/aether-impl-1.13.1.jar
7f6c34430000-7f6c34434000 r--s 0001c000 08:06 1721107                    /home/nydaniem/.gradle/wrapper/dists/gradle-4.1-all/bzyivzo6n839fup2jbap0tjew/gradle-4.1/lib/plugins/aether-util-1.13.1.jar
7f6c34434000-7f6c34458000 r--s 0011a000 08:06 1721055                    /home/nydaniem/.gradle/wrapper/dists/gradle-4.1-all/bzyivzo6n839fup2jbap0tjew/gradle-4.1/lib/plugins/gradle-dependency-management-4.1.jar
7f6c34458000-7f6c3445d000 r-xp 00000000 08:06 1725526                    /home/nydaniem/.gradle/native/25/linux-amd64/libnative-platform.so
7f6c3445d000-7f6c3465c000 ---p 00005000 08:06 1725526                    /home/nydaniem/.gradle/native/25/linux-amd64/libnative-platform.so
7f6c3465c000-7f6c3465d000 rw-p 00004000 08:06 1725526                    /home/nydaniem/.gradle/native/25/linux-amd64/libnative-platform.so
7f6c3465d000-7f6c3466e000 r-xp 00000000 08:06 2097279                    /home/nydaniem/Téléchargements/android-studio/jre/jre/lib/amd64/libnio.so
7f6c3466e000-7f6c3486d000 ---p 00011000 08:06 2097279                    /home/nydaniem/Téléchargements/android-studio/jre/jre/lib/amd64/libnio.so
7f6c3486d000-7f6c3486e000 r--p 00010000 08:06 2097279                    /home/nydaniem/Téléchargements/android-studio/jre/jre/lib/amd64/libnio.so
7f6c3486e000-7f6c3486f000 rw-p 00011000 08:06 2097279                    /home/nydaniem/Téléchargements/android-studio/jre/jre/lib/amd64/libnio.so
7f6c3486f000-7f6c37870000 rw-p 00000000 00:00 0 
7f6c37870000-7f6c37886000 r-xp 00000000 08:06 2097281                    /home/nydaniem/Téléchargements/android-studio/jre/jre/lib/amd64/libnet.so
7f6c37886000-7f6c37a86000 ---p 00016000 08:06 2097281                    /home/nydaniem/Téléchargements/android-studio/jre/jre/lib/amd64/libnet.so
7f6c37a86000-7f6c37a87000 r--p 00016000 08:06 2097281                    /home/nydaniem/Téléchargements/android-studio/jre/jre/lib/amd64/libnet.so
7f6c37a87000-7f6c37a88000 rw-p 00017000 08:06 2097281                    /home/nydaniem/Téléchargements/android-studio/jre/jre/lib/amd64/libnet.so
7f6c37a88000-7f6c37aa4000 r--s 00393000 08:06 2097315                    /home/nydaniem/Téléchargements/android-studio/jre/jre/lib/ext/cldrdata.jar
7f6c37aa4000-7f6c37ad6000 r--s 0021b000 08:06 1720957                    /home/nydaniem/.gradle/wrapper/dists/gradle-4.1-all/bzyivzo6n839fup2jbap0tjew/gradle-4.1/lib/kotlin-reflect-1.1.3-2.jar
7f6c37ad6000-7f6c37c8d000 r--s 01786000 08:06 1720956                    /home/nydaniem/.gradle/wrapper/dists/gradle-4.1-all/bzyivzo6n839fup2jbap0tjew/gradle-4.1/lib/kotlin-compiler-embeddable-1.1.3-2.jar
7f6c37c8d000-7f6c37cfd000 r--s 00645000 08:06 1720988                    /home/nydaniem/.gradle/wrapper/dists/gradle-4.1-all/bzyivzo6n839fup2jbap0tjew/gradle-4.1/lib/groovy-all-2.4.11.jar
7f6c37cfd000-7f6c37cfe000 ---p 00000000 00:00 0 
7f6c37cfe000-7f6c37dfe000 rw-p 00000000 00:00 0 
7f6c37dfe000-7f6c37e01000 ---p 00000000 00:00 0 
7f6c37e01000-7f6c37eff000 rw-p 00000000 00:00 0 
7f6c37eff000-7f6c37f02000 ---p 00000000 00:00 0 
7f6c37f02000-7f6c38000000 rw-p 00000000 00:00 0 
7f6c38000000-7f6c38033000 rw-p 00000000 00:00 0 
7f6c38033000-7f6c3c000000 ---p 00000000 00:00 0 
7f6c3c000000-7f6c3c002000 r--s 00006000 08:06 1721108                    /home/nydaniem/.gradle/wrapper/dists/gradle-4.1-all/bzyivzo6n839fup2jbap0tjew/gradle-4.1/lib/plugins/aether-connector-wagon-1.13.1.jar
7f6c3c002000-7f6c3c007000 r--s 00034000 08:06 1721067                    /home/nydaniem/.gradle/wrapper/dists/gradle-4.1-all/bzyivzo6n839fup2jbap0tjew/gradle-4.1/lib/plugins/gson-2.7.jar
7f6c3c007000-7f6c3c00c000 r--s 00040000 08:06 1721075                    /home/nydaniem/.gradle/wrapper/dists/gradle-4.1-all/bzyivzo6n839fup2jbap0tjew/gradle-4.1/lib/plugins/jsch-0.1.54.jar
7f6c3c00c000-7f6c3c016000 r--s 00116000 08:06 2097309                    /home/nydaniem/Téléchargements/android-studio/jre/jre/lib/ext/localedata.jar
7f6c3c016000-7f6c3c019000 ---p 00000000 00:00 0 
7f6c3c019000-7f6c3c117000 rw-p 00000000 00:00 0 
7f6c3c117000-7f6c3c11a000 ---p 00000000 00:00 0 
7f6c3c11a000-7f6c3c218000 rw-p 00000000 00:00 0 
7f6c3c218000-7f6c3c21b000 ---p 00000000 00:00 0 
7f6c3c21b000-7f6c3c319000 rw-p 00000000 00:00 0 
7f6c3c319000-7f6c3c5f6000 r--p 00000000 08:06 1836502                    /usr/lib/locale/locale-archive
7f6c3c5f6000-7f6c3c5f9000 ---p 00000000 00:00 0 
7f6c3c5f9000-7f6c3c6f7000 rw-p 00000000 00:00 0 
7f6c3c6f7000-7f6c3c6fa000 ---p 00000000 00:00 0 
7f6c3c6fa000-7f6c3c7f8000 rw-p 00000000 00:00 0 
7f6c3c7f8000-7f6c3c7f9000 ---p 00000000 00:00 0 
7f6c3c7f9000-7f6c40000000 rw-p 00000000 00:00 0 
7f6c40000000-7f6c40021000 rw-p 00000000 00:00 0 
7f6c40021000-7f6c44000000 ---p 00000000 00:00 0 
7f6c44000000-7f6c44001000 r--s 00003000 08:06 1721106                    /home/nydaniem/.gradle/wrapper/dists/gradle-4.1-all/bzyivzo6n839fup2jbap0tjew/gradle-4.1/lib/plugins/aether-spi-1.13.1.jar
7f6c44001000-7f6c44004000 r--s 0000d000 08:06 1721054                    /home/nydaniem/.gradle/wrapper/dists/gradle-4.1-all/bzyivzo6n839fup2jbap0tjew/gradle-4.1/lib/plugins/gradle-workers-4.1.jar
7f6c44004000-7f6c44005000 r--s 00006000 08:06 1720962                    /home/nydaniem/.gradle/wrapper/dists/gradle-4.1-all/bzyivzo6n839fup2jbap0tjew/gradle-4.1/lib/gradle-wrapper-4.1.jar
7f6c44005000-7f6c44012000 r--s 00043000 08:06 1720961                    /home/nydaniem/.gradle/wrapper/dists/gradle-4.1-all/bzyivzo6n839fup2jbap0tjew/gradle-4.1/lib/gradle-tooling-api-4.1.jar
7f6c44012000-7f6c44021000 r--s 000c8000 08:06 1720958                    /home/nydaniem/.gradle/wrapper/dists/gradle-4.1-all/bzyivzo6n839fup2jbap0tjew/gradle-4.1/lib/kotlin-stdlib-1.1.3-2.jar
7f6c44021000-7f6c44022000 r--s 00000000 08:06 1720955                    /home/nydaniem/.gradle/wrapper/dists/gradle-4.1-all/bzyivzo6n839fup2jbap0tjew/gradle-4.1/lib/gradle-kotlin-dsl-tooling-models-0.10.3.jar
7f6c44022000-7f6c44023000 r--s 00001000 08:06 1720953                    /home/nydaniem/.gradle/wrapper/dists/gradle-4.1-all/bzyivzo6n839fup2jbap0tjew/gradle-4.1/lib/gradle-kotlin-dsl-compiler-plugin-0.10.3.jar
7f6c44023000-7f6c44025000 r--s 00003000 08:06 1720951                    /home/nydaniem/.gradle/wrapper/dists/gradle-4.1-all/bzyivzo6n839fup2jbap0tjew/gradle-4.1/lib/annotations-13.0.jar
7f6c44025000-7f6c4402f000 r--s 00073000 08:06 1720952                    /home/nydaniem/.gradle/wrapper/dists/gradle-4.1-all/bzyivzo6n839fup2jbap0tjew/gradle-4.1/lib/gradle-kotlin-dsl-0.10.3.jar
7f6c4402f000-7f6c44034000 r--s 00013000 08:06 1720968                    /home/nydaniem/.gradle/wrapper/dists/gradle-4.1-all/bzyivzo6n839fup2jbap0tjew/gradle-4.1/lib/gradle-resources-4.1.jar
7f6c44034000-7f6c44036000 r--s 00005000 08:06 1720975                    /home/nydaniem/.gradle/wrapper/dists/gradle-4.1-all/bzyivzo6n839fup2jbap0tjew/gradle-4.1/lib/gradle-cli-4.1.jar
7f6c44036000-7f6c44038000 r--s 00003000 08:06 1720982                    /home/nydaniem/.gradle/wrapper/dists/gradle-4.1-all/bzyivzo6n839fup2jbap0tjew/gradle-4.1/lib/jcl-over-slf4j-1.7.10.jar
7f6c44038000-7f6c44039000 r--s 00005000 08:06 1720981                    /home/nydaniem/.gradle/wrapper/dists/gradle-4.1-all/bzyivzo6n839fup2jbap0tjew/gradle-4.1/lib/log4j-over-slf4j-1.7.10.jar
7f6c44039000-7f6c4403b000 r--s 00000000 08:06 1720980                    /home/nydaniem/.gradle/wrapper/dists/gradle-4.1-all/bzyivzo6n839fup2jbap0tjew/gradle-4.1/lib/jul-to-slf4j-1.7.10.jar
7f6c4403b000-7f6c44042000 r--s 0002c000 08:06 1720966                    /home/nydaniem/.gradle/wrapper/dists/gradle-4.1-all/bzyivzo6n839fup2jbap0tjew/gradle-4.1/lib/gradle-logging-4.1.jar
7f6c44042000-7f6c44052000 r--s 00082000 08:06 1720971                    /home/nydaniem/.gradle/wrapper/dists/gradle-4.1-all/bzyivzo6n839fup2jbap0tjew/gradle-4.1/lib/gradle-model-core-4.1.jar
7f6c44052000-7f6c44054000 r--s 00006000 08:06 1720972                    /home/nydaniem/.gradle/wrapper/dists/gradle-4.1-all/bzyivzo6n839fup2jbap0tjew/gradle-4.1/lib/gradle-base-services-groovy-4.1.jar
7f6c44054000-7f6c44056000 r--s 00007000 08:06 1720970                    /home/nydaniem/.gradle/wrapper/dists/gradle-4.1-all/bzyivzo6n839fup2jbap0tjew/gradle-4.1/lib/gradle-model-groovy-4.1.jar
7f6c44056000-7f6c44057000 r--s 00002000 08:06 1720993                    /home/nydaniem/.gradle/wrapper/dists/gradle-4.1-all/bzyivzo6n839fup2jbap0tjew/gradle-4.1/lib/gradle-docs-4.1.jar
7f6c44057000-7f6c44064000 r--s 00083000 08:06 1720991                    /home/nydaniem/.gradle/wrapper/dists/gradle-4.1-all/bzyivzo6n839fup2jbap0tjew/gradle-4.1/lib/commons-collections-3.2.2.jar
7f6c44064000-7f6c44065000 r--s 00000000 08:06 1720990                    /home/nydaniem/.gradle/wrapper/dists/gradle-4.1-all/bzyivzo6n839fup2jbap0tjew/gradle-4.1/lib/javax.inject-1.jar
7f6c44065000-7f6c44068000 r--s 00023000 08:06 1720994                    /home/nydaniem/.gradle/wrapper/dists/gradle-4.1-all/bzyivzo6n839fup2jbap0tjew/gradle-4.1/lib/jansi-1.14.jar
7f6c44068000-7f6c44069000 r--s 00004000 08:06 1720996                    /home/nydaniem/.gradle/wrapper/dists/gradle-4.1-all/bzyivzo6n839fup2jbap0tjew/gradle-4.1/lib/native-platform-freebsd-amd64-libcpp-0.14.jar
7f6c44069000-7f6c4406a000 r--s 00004000 08:06 1720997                    /home/nydaniem/.gradle/wrapper/dists/gradle-4.1-all/bzyivzo6n839fup2jbap0tjew/gradle-4.1/lib/native-platform-freebsd-amd64-libstdcpp-0.14.jar
7f6c4406a000-7f6c4406b000 r--s 00004000 08:06 1720998                    /home/nydaniem/.gradle/wrapper/dists/gradle-4.1-all/bzyivzo6n839fup2jbap0tjew/gradle-4.1/lib/native-platform-freebsd-i386-libcpp-0.14.jar
7f6c4406b000-7f6c4406c000 r--s 00003000 08:06 1720999                    /home/nydaniem/.gradle/wrapper/dists/gradle-4.1-all/bzyivzo6n839fup2jbap0tjew/gradle-4.1/lib/native-platform-freebsd-i386-libstdcpp-0.14.jar
7f6c4406c000-7f6c4406d000 r--s 00002000 08:06 1721000                    /home/nydaniem/.gradle/wrapper/dists/gradle-4.1-all/bzyivzo6n839fup2jbap0tjew/gradle-4.1/lib/native-platform-linux-amd64-0.14.jar
7f6c4406d000-7f6c4406e000 r--s 00002000 08:06 1721001                    /home/nydaniem/.gradle/wrapper/dists/gradle-4.1-all/bzyivzo6n839fup2jbap0tjew/gradle-4.1/lib/native-platform-linux-i386-0.14.jar
7f6c4406e000-7f6c44070000 r--s 00002000 08:06 1721002                    /home/nydaniem/.gradle/wrapper/dists/gradle-4.1-all/bzyivzo6n839fup2jbap0tjew/gradle-4.1/lib/native-platform-osx-amd64-0.14.jar
7f6c44070000-7f6c44071000 r--s 00003000 08:06 1721003                    /home/nydaniem/.gradle/wrapper/dists/gradle-4.1-all/bzyivzo6n839fup2jbap0tjew/gradle-4.1/lib/native-platform-osx-i386-0.14.jar
7f6c44071000-7f6c44073000 r--s 0000b000 08:06 1721004                    /home/nydaniem/.gradle/wrapper/dists/gradle-4.1-all/bzyivzo6n839fup2jbap0tjew/gradle-4.1/lib/native-platform-windows-amd64-0.14.jar
7f6c44073000-7f6c44074000 r--s 0000b000 08:06 1721005                    /home/nydaniem/.gradle/wrapper/dists/gradle-4.1-all/bzyivzo6n839fup2jbap0tjew/gradle-4.1/lib/native-platform-windows-i386-0.14.jar
7f6c44074000-7f6c44075000 r--s 00001000 08:06 1721006                    /home/nydaniem/.gradle/wrapper/dists/gradle-4.1-all/bzyivzo6n839fup2jbap0tjew/gradle-4.1/lib/native-platform-linux-amd64-ncurses5-0.14.jar
7f6c44075000-7f6c44076000 r--s 00001000 08:06 1721007                    /home/nydaniem/.gradle/wrapper/dists/gradle-4.1-all/bzyivzo6n839fup2jbap0tjew/gradle-4.1/lib/native-platform-linux-amd64-ncurses6-0.14.jar
7f6c44076000-7f6c4407a000 r--s 00012000 08:06 1720992                    /home/nydaniem/.gradle/wrapper/dists/gradle-4.1-all/bzyivzo6n839fup2jbap0tjew/gradle-4.1/lib/native-platform-0.14.jar
7f6c4407a000-7f6c4407d000 r--s 0000c000 08:06 1720969                    /home/nydaniem/.gradle/wrapper/dists/gradle-4.1-all/bzyivzo6n839fup2jbap0tjew/gradle-4.1/lib/gradle-native-4.1.jar
7f6c4407d000-7f6c4407f000 r--s 0000f000 08:06 1720977                    /home/nydaniem/.gradle/wrapper/dists/gradle-4.1-all/bzyivzo6n839fup2jbap0tjew/gradle-4.1/lib/reflectasm-1.07-shaded.jar
7f6c4407f000-7f6c44081000 r--s 00000000 08:06 1721010                    /home/nydaniem/.gradle/wrapper/dists/gradle-4.1-all/bzyivzo6n839fup2jbap0tjew/gradle-4.1/lib/minlog-1.2.jar
7f6c44081000-7f6c44083000 r--s 00007000 08:06 1721011                    /home/nydaniem/.gradle/wrapper/dists/gradle-4.1-all/bzyivzo6n839fup2jbap0tjew/gradle-4.1/lib/objenesis-1.2.jar
7f6c44083000-7f6c44087000 r--s 00026000 08:06 1720976                    /home/nydaniem/.gradle/wrapper/dists/gradle-4.1-all/bzyivzo6n839fup2jbap0tjew/gradle-4.1/lib/kryo-2.20.jar
7f6c44087000-7f6c440af000 r--s 001cf000 08:06 1720984                    /home/nydaniem/.gradle/wrapper/dists/gradle-4.1-all/bzyivzo6n839fup2jbap0tjew/gradle-4.1/lib/guava-jdk5-17.0.jar
7f6c440af000-7f6c440f9000 r--s 00253000 08:06 1720964                    /home/nydaniem/.gradle/wrapper/dists/gradle-4.1-all/bzyivzo6n839fup2jbap0tjew/gradle-4.1/lib/gradle-core-4.1.jar
7f6c440f9000-7f6c45000000 rw-p 00000000 00:00 0 
7f6c45000000-7f6c46900000 rwxp 00000000 00:00 0 
7f6c46900000-7f6c54000000 ---p 00000000 00:00 0 
7f6c54000000-7f6c54cdd000 rw-p 00000000 00:00 0 
7f6c54cdd000-7f6c58000000 ---p 00000000 00:00 0 
7f6c58000000-7f6c58001000 r--s 00001000 08:06 1721008                    /home/nydaniem/.gradle/wrapper/dists/gradle-4.1-all/bzyivzo6n839fup2jbap0tjew/gradle-4.1/lib/native-platform-linux-i386-ncurses5-0.14.jar
7f6c58001000-7f6c58007000 r--s 0002b000 08:06 1720973                    /home/nydaniem/.gradle/wrapper/dists/gradle-4.1-all/bzyivzo6n839fup2jbap0tjew/gradle-4.1/lib/gradle-messaging-4.1.jar
7f6c58007000-7f6c58009000 r--s 00006000 08:06 1720967                    /home/nydaniem/.gradle/wrapper/dists/gradle-4.1-all/bzyivzo6n839fup2jbap0tjew/gradle-4.1/lib/gradle-process-services-4.1.jar
7f6c58009000-7f6c5800b000 r--s 00000000 08:06 1720965                    /home/nydaniem/.gradle/wrapper/dists/gradle-4.1-all/bzyivzo6n839fup2jbap0tjew/gradle-4.1/lib/gradle-jvm-services-4.1.jar
7f6c5800b000-7f6c58010000 r--s 00041000 08:06 1720986                    /home/nydaniem/.gradle/wrapper/dists/gradle-4.1-all/bzyivzo6n839fup2jbap0tjew/gradle-4.1/lib/commons-lang-2.6.jar
7f6c58010000-7f6c58013000 r--s 00006000 08:06 1720985                    /home/nydaniem/.gradle/wrapper/dists/gradle-4.1-all/bzyivzo6n839fup2jbap0tjew/gradle-4.1/lib/jsr305-1.3.9.jar
7f6c58013000-7f6c58017000 r--s 00027000 08:06 1720979                    /home/nydaniem/.gradle/wrapper/dists/gradle-4.1-all/bzyivzo6n839fup2jbap0tjew/gradle-4.1/lib/commons-io-2.2.jar
7f6c58017000-7f6c58036000 r--s 001d1000 08:06 1720989                    /home/nydaniem/.gradle/wrapper/dists/gradle-4.1-all/bzyivzo6n839fup2jbap0tjew/gradle-4.1/lib/ant-1.9.6.jar
7f6c58036000-7f6c58042000 r--s 00053000 08:06 1720974                    /home/nydaniem/.gradle/wrapper/dists/gradle-4.1-all/bzyivzo6n839fup2jbap0tjew/gradle-4.1/lib/gradle-base-services-4.1.jar
7f6c58042000-7f6c5804e000 r--s 0005c000 08:06 1720959                    /home/nydaniem/.gradle/wrapper/dists/gradle-4.1-all/bzyivzo6n839fup2jbap0tjew/gradle-4.1/lib/gradle-launcher-4.1.jar
7f6c5804e000-7f6c58200000 rw-p 00000000 00:00 0 
7f6c58200000-7f6c583d0000 r--s 03c46000 08:06 2097235                    /home/nydaniem/Téléchargements/android-studio/jre/jre/lib/rt.jar
7f6c583d0000-7f6c58746000 rw-p 00000000 00:00 0 
7f6c58746000-7f6c58747000 ---p 00000000 00:00 0 
7f6c58747000-7f6c58847000 rw-p 00000000 00:00 0 
7f6c58847000-7f6c58848000 ---p 00000000 00:00 0 
7f6c58848000-7f6c58948000 rw-p 00000000 00:00 0 
7f6c58948000-7f6c58949000 ---p 00000000 00:00 0 
7f6c58949000-7f6c58a49000 rw-p 00000000 00:00 0 
7f6c58a49000-7f6c58a4a000 ---p 00000000 00:00 0 
7f6c58a4a000-7f6c58b80000 rw-p 00000000 00:00 0 
7f6c58b80000-7f6c58d4a000 ---p 00000000 00:00 0 
7f6c58d4a000-7f6c58d80000 rw-p 00000000 00:00 0 
7f6c58d80000-7f6c58f4a000 ---p 00000000 00:00 0 
7f6c58f4a000-7f6c58fd1000 rw-p 00000000 00:00 0 
7f6c58fd1000-7f6c5904a000 ---p 00000000 00:00 0 
7f6c5904a000-7f6c590af000 rw-p 00000000 00:00 0 
7f6c590af000-7f6c5940b000 ---p 00000000 00:00 0 
7f6c5940b000-7f6c59425000 r-xp 00000000 08:06 2097256                    /home/nydaniem/Téléchargements/android-studio/jre/jre/lib/amd64/libzip.so
7f6c59425000-7f6c59625000 ---p 0001a000 08:06 2097256                    /home/nydaniem/Téléchargements/android-studio/jre/jre/lib/amd64/libzip.so
7f6c59625000-7f6c59626000 r--p 0001a000 08:06 2097256                    /home/nydaniem/Téléchargements/android-studio/jre/jre/lib/amd64/libzip.so
7f6c59626000-7f6c59627000 rw-p 0001b000 08:06 2097256                    /home/nydaniem/Téléchargements/android-studio/jre/jre/lib/amd64/libzip.so
7f6c59627000-7f6c59632000 r-xp 00000000 08:06 131362                     /lib/x86_64-linux-gnu/libnss_files-2.23.so
7f6c59632000-7f6c59831000 ---p 0000b000 08:06 131362                     /lib/x86_64-linux-gnu/libnss_files-2.23.so
7f6c59831000-7f6c59832000 r--p 0000a000 08:06 131362                     /lib/x86_64-linux-gnu/libnss_files-2.23.so
7f6c59832000-7f6c59833000 rw-p 0000b000 08:06 131362                     /lib/x86_64-linux-gnu/libnss_files-2.23.so
7f6c59833000-7f6c59839000 rw-p 00000000 00:00 0 
7f6c59839000-7f6c59844000 r-xp 00000000 08:06 131366                     /lib/x86_64-linux-gnu/libnss_nis-2.23.so
7f6c59844000-7f6c59a43000 ---p 0000b000 08:06 131366                     /lib/x86_64-linux-gnu/libnss_nis-2.23.so
7f6c59a43000-7f6c59a44000 r--p 0000a000 08:06 131366                     /lib/x86_64-linux-gnu/libnss_nis-2.23.so
7f6c59a44000-7f6c59a45000 rw-p 0000b000 08:06 131366                     /lib/x86_64-linux-gnu/libnss_nis-2.23.so
7f6c59a45000-7f6c59a5b000 r-xp 00000000 08:06 131346                     /lib/x86_64-linux-gnu/libnsl-2.23.so
7f6c59a5b000-7f6c59c5a000 ---p 00016000 08:06 131346                     /lib/x86_64-linux-gnu/libnsl-2.23.so
7f6c59c5a000-7f6c59c5b000 r--p 00015000 08:06 131346                     /lib/x86_64-linux-gnu/libnsl-2.23.so
7f6c59c5b000-7f6c59c5c000 rw-p 00016000 08:06 131346                     /lib/x86_64-linux-gnu/libnsl-2.23.so
7f6c59c5c000-7f6c59c5e000 rw-p 00000000 00:00 0 
7f6c59c5e000-7f6c59c66000 r-xp 00000000 08:06 131357                     /lib/x86_64-linux-gnu/libnss_compat-2.23.so
7f6c59c66000-7f6c59e65000 ---p 00008000 08:06 131357                     /lib/x86_64-linux-gnu/libnss_compat-2.23.so
7f6c59e65000-7f6c59e66000 r--p 00007000 08:06 131357                     /lib/x86_64-linux-gnu/libnss_compat-2.23.so
7f6c59e66000-7f6c59e67000 rw-p 00008000 08:06 131357                     /lib/x86_64-linux-gnu/libnss_compat-2.23.so
7f6c59e67000-7f6c59e94000 r-xp 00000000 08:06 2097255                    /home/nydaniem/Téléchargements/android-studio/jre/jre/lib/amd64/libjava.so
7f6c59e94000-7f6c5a093000 ---p 0002d000 08:06 2097255                    /home/nydaniem/Téléchargements/android-studio/jre/jre/lib/amd64/libjava.so
7f6c5a093000-7f6c5a094000 r--p 0002c000 08:06 2097255                    /home/nydaniem/Téléchargements/android-studio/jre/jre/lib/amd64/libjava.so
7f6c5a094000-7f6c5a096000 rw-p 0002d000 08:06 2097255                    /home/nydaniem/Téléchargements/android-studio/jre/jre/lib/amd64/libjava.so
7f6c5a096000-7f6c5a0a6000 r-xp 00000000 08:06 2097261                    /home/nydaniem/Téléchargements/android-studio/jre/jre/lib/amd64/libverify.so
7f6c5a0a6000-7f6c5a2a5000 ---p 00010000 08:06 2097261                    /home/nydaniem/Téléchargements/android-studio/jre/jre/lib/amd64/libverify.so
7f6c5a2a5000-7f6c5a2a7000 r--p 0000f000 08:06 2097261                    /home/nydaniem/Téléchargements/android-studio/jre/jre/lib/amd64/libverify.so
7f6c5a2a7000-7f6c5a2a8000 rw-p 00011000 08:06 2097261                    /home/nydaniem/Téléchargements/android-studio/jre/jre/lib/amd64/libverify.so
7f6c5a2a8000-7f6c5a2af000 r-xp 00000000 08:06 131367                     /lib/x86_64-linux-gnu/librt-2.23.so
7f6c5a2af000-7f6c5a4ae000 ---p 00007000 08:06 131367                     /lib/x86_64-linux-gnu/librt-2.23.so
7f6c5a4ae000-7f6c5a4af000 r--p 00006000 08:06 131367                     /lib/x86_64-linux-gnu/librt-2.23.so
7f6c5a4af000-7f6c5a4b0000 rw-p 00007000 08:06 131367                     /lib/x86_64-linux-gnu/librt-2.23.so
7f6c5a4b0000-7f6c5a5b8000 r-xp 00000000 08:06 131166                     /lib/x86_64-linux-gnu/libm-2.23.so
7f6c5a5b8000-7f6c5a7b7000 ---p 00108000 08:06 131166                     /lib/x86_64-linux-gnu/libm-2.23.so
7f6c5a7b7000-7f6c5a7b8000 r--p 00107000 08:06 131166                     /lib/x86_64-linux-gnu/libm-2.23.so
7f6c5a7b8000-7f6c5a7b9000 rw-p 00108000 08:06 131166                     /lib/x86_64-linux-gnu/libm-2.23.so
7f6c5a7b9000-7f6c5b3b1000 r-xp 00000000 08:06 2097265                    /home/nydaniem/Téléchargements/android-studio/jre/jre/lib/amd64/server/libjvm.so
7f6c5b3b1000-7f6c5b5b1000 ---p 00bf8000 08:06 2097265                    /home/nydaniem/Téléchargements/android-studio/jre/jre/lib/amd64/server/libjvm.so
7f6c5b5b1000-7f6c5b650000 r--p 00bf8000 08:06 2097265                    /home/nydaniem/Téléchargements/android-studio/jre/jre/lib/amd64/server/libjvm.so
7f6c5b650000-7f6c5b679000 rw-p 00c97000 08:06 2097265                    /home/nydaniem/Téléchargements/android-studio/jre/jre/lib/amd64/server/libjvm.so
7f6c5b679000-7f6c5b6bd000 rw-p 00000000 00:00 0 
7f6c5b6bd000-7f6c5b6d5000 r-xp 00000000 08:06 131348                     /lib/x86_64-linux-gnu/libpthread-2.23.so
7f6c5b6d5000-7f6c5b8d4000 ---p 00018000 08:06 131348                     /lib/x86_64-linux-gnu/libpthread-2.23.so
7f6c5b8d4000-7f6c5b8d5000 r--p 00017000 08:06 131348                     /lib/x86_64-linux-gnu/libpthread-2.23.so
7f6c5b8d5000-7f6c5b8d6000 rw-p 00018000 08:06 131348                     /lib/x86_64-linux-gnu/libpthread-2.23.so
7f6c5b8d6000-7f6c5b8da000 rw-p 00000000 00:00 0 
7f6c5b8da000-7f6c5b8dd000 r-xp 00000000 08:06 131351                     /lib/x86_64-linux-gnu/libdl-2.23.so
7f6c5b8dd000-7f6c5badc000 ---p 00003000 08:06 131351                     /lib/x86_64-linux-gnu/libdl-2.23.so
7f6c5badc000-7f6c5badd000 r--p 00002000 08:06 131351                     /lib/x86_64-linux-gnu/libdl-2.23.so
7f6c5badd000-7f6c5bade000 rw-p 00003000 08:06 131351                     /lib/x86_64-linux-gnu/libdl-2.23.so
7f6c5bade000-7f6c5bc9e000 r-xp 00000000 08:06 131349                     /lib/x86_64-linux-gnu/libc-2.23.so
7f6c5bc9e000-7f6c5be9e000 ---p 001c0000 08:06 131349                     /lib/x86_64-linux-gnu/libc-2.23.so
7f6c5be9e000-7f6c5bea2000 r--p 001c0000 08:06 131349                     /lib/x86_64-linux-gnu/libc-2.23.so
7f6c5bea2000-7f6c5bea4000 rw-p 001c4000 08:06 131349                     /lib/x86_64-linux-gnu/libc-2.23.so
7f6c5bea4000-7f6c5bea8000 rw-p 00000000 00:00 0 
7f6c5bea8000-7f6c5bebe000 r-xp 00000000 08:06 2097204                    /home/nydaniem/Téléchargements/android-studio/jre/lib/amd64/jli/libjli.so
7f6c5bebe000-7f6c5c0bd000 ---p 00016000 08:06 2097204                    /home/nydaniem/Téléchargements/android-studio/jre/lib/amd64/jli/libjli.so
7f6c5c0bd000-7f6c5c0be000 r--p 00015000 08:06 2097204                    /home/nydaniem/Téléchargements/android-studio/jre/lib/amd64/jli/libjli.so
7f6c5c0be000-7f6c5c0bf000 rw-p 00016000 08:06 2097204                    /home/nydaniem/Téléchargements/android-studio/jre/lib/amd64/jli/libjli.so
7f6c5c0bf000-7f6c5c0e5000 r-xp 00000000 08:06 131347                     /lib/x86_64-linux-gnu/ld-2.23.so
7f6c5c0e5000-7f6c5c0ed000 r--s 000bd000 08:06 1720978                    /home/nydaniem/.gradle/wrapper/dists/gradle-4.1-all/bzyivzo6n839fup2jbap0tjew/gradle-4.1/lib/asm-debug-all-6.0_ALPHA.jar
7f6c5c0ed000-7f6c5c1b2000 rw-p 00000000 00:00 0 
7f6c5c1b2000-7f6c5c1b5000 ---p 00000000 00:00 0 
7f6c5c1b5000-7f6c5c2b7000 rw-p 00000000 00:00 0 
7f6c5c2b7000-7f6c5c2b8000 r--s 00001000 08:06 1721009                    /home/nydaniem/.gradle/wrapper/dists/gradle-4.1-all/bzyivzo6n839fup2jbap0tjew/gradle-4.1/lib/native-platform-linux-i386-ncurses6-0.14.jar
7f6c5c2b8000-7f6c5c2b9000 r--s 00000000 08:06 1720987                    /home/nydaniem/.gradle/wrapper/dists/gradle-4.1-all/bzyivzo6n839fup2jbap0tjew/gradle-4.1/lib/jcip-annotations-1.0.jar
7f6c5c2b9000-7f6c5c2ba000 r--s 00007000 08:06 1720983                    /home/nydaniem/.gradle/wrapper/dists/gradle-4.1-all/bzyivzo6n839fup2jbap0tjew/gradle-4.1/lib/slf4j-api-1.7.10.jar
7f6c5c2ba000-7f6c5c2bb000 r--s 00004000 08:06 1720995                    /home/nydaniem/.gradle/wrapper/dists/gradle-4.1-all/bzyivzo6n839fup2jbap0tjew/gradle-4.1/lib/ant-launcher-1.9.6.jar
7f6c5c2bb000-7f6c5c2d9000 rw-p 00000000 00:00 0 
7f6c5c2d9000-7f6c5c2e1000 rw-s 00000000 08:06 1740878                    /tmp/hsperfdata_nydaniem/6722
7f6c5c2e1000-7f6c5c2e2000 rw-p 00000000 00:00 0 
7f6c5c2e2000-7f6c5c2e3000 ---p 00000000 00:00 0 
7f6c5c2e3000-7f6c5c2e4000 rw-p 00000000 00:00 0 
7f6c5c2e4000-7f6c5c2e5000 r--p 00025000 08:06 131347                     /lib/x86_64-linux-gnu/ld-2.23.so
7f6c5c2e5000-7f6c5c2e6000 rw-p 00026000 08:06 131347                     /lib/x86_64-linux-gnu/ld-2.23.so
7f6c5c2e6000-7f6c5c2e7000 rw-p 00000000 00:00 0 
7fff20d94000-7fff20db5000 rw-p 00000000 00:00 0                          [stack]
7fff20dcf000-7fff20dd2000 r--p 00000000 00:00 0                          [vvar]
7fff20dd2000-7fff20dd4000 r-xp 00000000 00:00 0                          [vdso]
ffffffffff600000-ffffffffff601000 r-xp 00000000 00:00 0                  [vsyscall]

VM Arguments:
jvm_args: -Xmx1536m -Dfile.encoding=UTF-8 -Duser.country=FR -Duser.language=fr -Duser.variant 
java_command: org.gradle.launcher.daemon.bootstrap.GradleDaemon 4.1
java_class_path (initial): /home/nydaniem/.gradle/wrapper/dists/gradle-4.1-all/bzyivzo6n839fup2jbap0tjew/gradle-4.1/lib/gradle-launcher-4.1.jar
Launcher Type: SUN_STANDARD

Environment Variables:
PATH=/home/nydaniem/bin:/home/nydaniem/.local/bin:/usr/local/sbin:/usr/local/bin:/usr/sbin:/usr/bin:/sbin:/bin:/usr/games:/usr/local/games:/snap/bin
LD_LIBRARY_PATH=/home/nydaniem/Téléchargements/android-studio/bin:
SHELL=/bin/bash
DISPLAY=:0

Signal Handlers:
SIGSEGV: [libjvm.so+0x9ebc60], sa_mask[0]=11111111011111111101111111111110, sa_flags=SA_RESTART|SA_SIGINFO
SIGBUS: [libjvm.so+0x9ebc60], sa_mask[0]=11111111011111111101111111111110, sa_flags=SA_RESTART|SA_SIGINFO
SIGFPE: [libjvm.so+0x84cf60], sa_mask[0]=11111111011111111101111111111110, sa_flags=SA_RESTART|SA_SIGINFO
SIGPIPE: [libjvm.so+0x84cf60], sa_mask[0]=11111111011111111101111111111110, sa_flags=SA_RESTART|SA_SIGINFO
SIGXFSZ: [libjvm.so+0x84cf60], sa_mask[0]=11111111011111111101111111111110, sa_flags=SA_RESTART|SA_SIGINFO
SIGILL: [libjvm.so+0x84cf60], sa_mask[0]=11111111011111111101111111111110, sa_flags=SA_RESTART|SA_SIGINFO
SIGUSR1: SIG_DFL, sa_mask[0]=00000000000000000000000000000000, sa_flags=none
SIGUSR2: [libjvm.so+0x84ce30], sa_mask[0]=00100000000000000000000000000000, sa_flags=SA_RESTART|SA_SIGINFO
SIGHUP: [libjvm.so+0x84d020], sa_mask[0]=11111111011111111101111111111110, sa_flags=SA_RESTART|SA_SIGINFO
SIGINT: [libjvm.so+0x84d020], sa_mask[0]=11111111011111111101111111111110, sa_flags=SA_RESTART|SA_SIGINFO
SIGTERM: [libjvm.so+0x84d020], sa_mask[0]=11111111011111111101111111111110, sa_flags=SA_RESTART|SA_SIGINFO
SIGQUIT: [libjvm.so+0x84d020], sa_mask[0]=11111111011111111101111111111110, sa_flags=SA_RESTART|SA_SIGINFO


---------------  S Y S T E M  ---------------

OS:DISTRIB_ID=Ubuntu
DISTRIB_RELEASE=16.04
DISTRIB_CODENAME=xenial
DISTRIB_DESCRIPTION="Ubuntu 16.04.3 LTS"

uname:Linux 4.13.0-32-generic #35~16.04.1-Ubuntu SMP Thu Jan 25 10:13:43 UTC 2018 x86_64
libc:glibc 2.23 NPTL 2.23 
rlimit: STACK 8192k, CORE 0k, NPROC 14914, NOFILE 1048576, AS infinity
load average:2,16 1,43 1,14

/proc/meminfo:
MemTotal:        3919148 kB
MemFree:           98860 kB
MemAvailable:       5628 kB
Buffers:             568 kB
Cached:           485260 kB
SwapCached:            0 kB
Active:          3161876 kB
Inactive:         478384 kB
Active(anon):    3155904 kB
Inactive(anon):   473060 kB
Active(file):       5972 kB
Inactive(file):     5324 kB
Unevictable:          32 kB
Mlocked:              32 kB
SwapTotal:             0 kB
SwapFree:              0 kB
Dirty:               128 kB
Writeback:             0 kB
AnonPages:       3154552 kB
Mapped:            90876 kB
Shmem:            474444 kB
Slab:              84920 kB
SReclaimable:      38288 kB
SUnreclaim:        46632 kB
KernelStack:       10208 kB
PageTables:        35476 kB
NFS_Unstable:          0 kB
Bounce:                0 kB
WritebackTmp:          0 kB
CommitLimit:     1959572 kB
Committed_AS:    7525244 kB
VmallocTotal:   34359738367 kB
VmallocUsed:           0 kB
VmallocChunk:          0 kB
HardwareCorrupted:     0 kB
AnonHugePages:      6144 kB
ShmemHugePages:        0 kB
ShmemPmdMapped:        0 kB
CmaTotal:              0 kB
CmaFree:               0 kB
HugePages_Total:       0
HugePages_Free:        0
HugePages_Rsvd:        0
HugePages_Surp:        0
Hugepagesize:       2048 kB
DirectMap4k:      168056 kB
DirectMap2M:     3905536 kB
DirectMap1G:           0 kB


CPU:total 4 (initial active 4) (2 cores per cpu, 2 threads per core) family 6 model 69 stepping 1, cmov, cx8, fxsr, mmx, sse, sse2, sse3, ssse3, sse4.1, sse4.2, popcnt, avx, avx2, aes, clmul, erms, lzcnt, ht, tsc, tscinvbit, bmi1, bmi2

/proc/cpuinfo:
processor	: 0
vendor_id	: GenuineIntel
cpu family	: 6
model		: 69
model name	: Intel(R) Core(TM) i3-4010U CPU @ 1.70GHz
stepping	: 1
microcode	: 0x20
cpu MHz		: 1696.067
cache size	: 3072 KB
physical id	: 0
siblings	: 4
core id		: 0
cpu cores	: 2
apicid		: 0
initial apicid	: 0
fpu		: yes
fpu_exception	: yes
cpuid level	: 13
wp		: yes
flags		: fpu vme de pse tsc msr pae mce cx8 apic sep mtrr pge mca cmov pat pse36 clflush dts acpi mmx fxsr sse sse2 ss ht tm pbe syscall nx pdpe1gb rdtscp lm constant_tsc arch_perfmon pebs bts rep_good nopl xtopology nonstop_tsc cpuid aperfmperf pni pclmulqdq dtes64 monitor ds_cpl vmx est tm2 ssse3 sdbg fma cx16 xtpr pdcm pcid sse4_1 sse4_2 x2apic movbe popcnt tsc_deadline_timer aes xsave avx f16c rdrand lahf_lm abm cpuid_fault epb invpcid_single pti tpr_shadow vnmi flexpriority ept vpid fsgsbase tsc_adjust bmi1 avx2 smep bmi2 erms invpcid xsaveopt dtherm arat pln pts
bugs		: cpu_meltdown spectre_v1 spectre_v2
bogomips	: 3392.13
clflush size	: 64
cache_alignment	: 64
address sizes	: 39 bits physical, 48 bits virtual
power management:

processor	: 1
vendor_id	: GenuineIntel
cpu family	: 6
model		: 69
model name	: Intel(R) Core(TM) i3-4010U CPU @ 1.70GHz
stepping	: 1
microcode	: 0x20
cpu MHz		: 1696.067
cache size	: 3072 KB
physical id	: 0
siblings	: 4
core id		: 1
cpu cores	: 2
apicid		: 2
initial apicid	: 2
fpu		: yes
fpu_exception	: yes
cpuid level	: 13
wp		: yes
flags		: fpu vme de pse tsc msr pae mce cx8 apic sep mtrr pge mca cmov pat pse36 clflush dts acpi mmx fxsr sse sse2 ss ht tm pbe syscall nx pdpe1gb rdtscp lm constant_tsc arch_perfmon pebs bts rep_good nopl xtopology nonstop_tsc cpuid aperfmperf pni pclmulqdq dtes64 monitor ds_cpl vmx est tm2 ssse3 sdbg fma cx16 xtpr pdcm pcid sse4_1 sse4_2 x2apic movbe popcnt tsc_deadline_timer aes xsave avx f16c rdrand lahf_lm abm cpuid_fault epb invpcid_single pti tpr_shadow vnmi flexpriority ept vpid fsgsbase tsc_adjust bmi1 avx2 smep bmi2 erms invpcid xsaveopt dtherm arat pln pts
bugs		: cpu_meltdown spectre_v1 spectre_v2
bogomips	: 3392.13
clflush size	: 64
cache_alignment	: 64
address sizes	: 39 bits physical, 48 bits virtual
power management:

processor	: 2
vendor_id	: GenuineIntel
cpu family	: 6
model		: 69
model name	: Intel(R) Core(TM) i3-4010U CPU @ 1.70GHz
stepping	: 1
microcode	: 0x20
cpu MHz		: 1696.067
cache size	: 3072 KB
physical id	: 0
siblings	: 4
core id		: 0
cpu cores	: 2
apicid		: 1
initial apicid	: 1
fpu		: yes
fpu_exception	: yes
cpuid level	: 13
wp		: yes
flags		: fpu vme de pse tsc msr pae mce cx8 apic sep mtrr pge mca cmov pat pse36 clflush dts acpi mmx fxsr sse sse2 ss ht tm pbe syscall nx pdpe1gb rdtscp lm constant_tsc arch_perfmon pebs bts rep_good nopl xtopology nonstop_tsc cpuid aperfmperf pni pclmulqdq dtes64 monitor ds_cpl vmx est tm2 ssse3 sdbg fma cx16 xtpr pdcm pcid sse4_1 sse4_2 x2apic movbe popcnt tsc_deadline_timer aes xsave avx f16c rdrand lahf_lm abm cpuid_fault epb invpcid_single pti tpr_shadow vnmi flexpriority ept vpid fsgsbase tsc_adjust bmi1 avx2 smep bmi2 erms invpcid xsaveopt dtherm arat pln pts
bugs		: cpu_meltdown spectre_v1 spectre_v2
bogomips	: 3392.13
clflush size	: 64
cache_alignment	: 64
address sizes	: 39 bits physical, 48 bits virtual
power management:

processor	: 3
vendor_id	: GenuineIntel
cpu family	: 6
model		: 69
model name	: Intel(R) Core(TM) i3-4010U CPU @ 1.70GHz
stepping	: 1
microcode	: 0x20
cpu MHz		: 1696.067
cache size	: 3072 KB
physical id	: 0
siblings	: 4
core id		: 1
cpu cores	: 2
apicid		: 3
initial apicid	: 3
fpu		: yes
fpu_exception	: yes
cpuid level	: 13
wp		: yes
flags		: fpu vme de pse tsc msr pae mce cx8 apic sep mtrr pge mca cmov pat pse36 clflush dts acpi mmx fxsr sse sse2 ss ht tm pbe syscall nx pdpe1gb rdtscp lm constant_tsc arch_perfmon pebs bts rep_good nopl xtopology nonstop_tsc cpuid aperfmperf pni pclmulqdq dtes64 monitor ds_cpl vmx est tm2 ssse3 sdbg fma cx16 xtpr pdcm pcid sse4_1 sse4_2 x2apic movbe popcnt tsc_deadline_timer aes xsave avx f16c rdrand lahf_lm abm cpuid_fault epb invpcid_single pti tpr_shadow vnmi flexpriority ept vpid fsgsbase tsc_adjust bmi1 avx2 smep bmi2 erms invpcid xsaveopt dtherm arat pln pts
bugs		: cpu_meltdown spectre_v1 spectre_v2
bogomips	: 3392.13
clflush size	: 64
cache_alignment	: 64
address sizes	: 39 bits physical, 48 bits virtual
power management:



Memory: 4k page, physical 3919148k(98612k free), swap 0k(0k free)

vm_info: OpenJDK 64-Bit Server VM (25.152-b01) for linux-amd64 JRE (1.8.0_152-release-915-b01), built by "builder" with gcc 4.8.4

time: Thu Feb 22 12:59:30 2018
elapsed time: 57 seconds (0d 0h 0m 57s)

